<?xml version="1.0" encoding="UTF-8" standalone="no"?><testsuite errors="8" failures="0" name="Product Catalog" skipped="0" tests="8" time="3.06" timestamp="2026-08-13 10:42:15"><testcase name="Actor searches for product that doesn't exist"><error message="Error {&#10;  message='Target page, context or browser has been closed&#10;Browser logs:&#10;&#10;╔════════════════════════════════════════════════════════════════════════════════════════════════╗&#10;║ Looks like you launched a headed browser without having a XServer running.                     ║&#10;║ Set either 'headless: true' or use 'xvfb-run &lt;your-playwright-app&gt;' before running Playwright. ║&#10;║                                                                                                ║&#10;║ &lt;3 Playwright Team                                                                             ║&#10;╚════════════════════════════════════════════════════════════════════════════════════════════════╝&#10;  name='TargetClosedError&#10;  stack='TargetClosedError: Target page, context or browser has been closed&#10;Browser logs:&#10;&#10;╔════════════════════════════════════════════════════════════════════════════════════════════════╗&#10;║ Looks like you launched a headed browser without having a XServer running.                     ║&#10;║ Set either 'headless: true' or use 'xvfb-run &lt;your-playwright-app&gt;' before running Playwright. ║&#10;║                                                                                                ║&#10;║ &lt;3 Playwright Team                                                                             ║&#10;╚════════════════════════════════════════════════════════════════════════════════════════════════╝&#10;    at DispatcherConnection.dispatch (/tmp/playwright-java-16843758545578701289/package/lib/server/dispatchers/dispatcher.js:375:15)&#10;}&#10;Call log:&#10;- &lt;launching&gt; /home/runner/.cache/ms-playwright/chromium-1140/chrome-linux/chrome --disable-field-trial-config --disable-background-networking --disable-background-timer-throttling --disable-backgrounding-occluded-windows --disable-back-forward-cache --disable-breakpad --disable-client-side-phishing-detection --disable-component-extensions-with-background-pages --disable-component-update --no-default-browser-check --disable-default-apps --disable-dev-shm-usage --disable-extensions --disable-features=ImprovedCookieControls,LazyFrameLoading,GlobalMediaControls,DestroyProfileOnBrowserClose,MediaRouter,DialMediaRouteProvider,AcceptCHFrame,AutoExpandDetailsElement,CertificateTransparencyComponentUpdater,AvoidUnnecessaryBeforeUnloadCheckSync,Translate,HttpsUpgrades,PaintHolding,ThirdPartyStoragePartitioning,LensOverlay,PlzDedicatedWorker --allow-pre-commit-input --disable-hang-monitor --disable-ipc-flooding-protection --disable-popup-blocking --disable-prompt-on-repost --disable-renderer-backgrounding --force-color-profile=srgb --metrics-recording-only --no-first-run --enable-automation --password-store=basic --use-mock-keychain --no-service-autorun --export-tagged-pdf --disable-search-engine-choice-screen --unsafely-disable-devtools-self-xss-warnings --no-sandbox --no-sandbox --disable-gpu --disable-extensions --user-data-dir=/tmp/playwright_chromiumdev_profile-hLD3BF --remote-debugging-pipe --no-startup-window&#10;- &lt;launched&gt; pid=10012&#10;- [pid=10012][err] [10012:10012:0813/224216.151101:ERROR:ozone_platform_x11.cc(244)] Missing X server or $DISPLAY&#10;- [pid=10012][err] [10012:10012:0813/224216.151460:ERROR:env.cc(258)] The platform failed to initialize.  Exiting.&#10;" type="com.microsoft.playwright.impl.TargetClosedError">Error {
  message='Target page, context or browser has been closed
Browser logs:

╔════════════════════════════════════════════════════════════════════════════════════════════════╗
║ Looks like you launched a headed browser without having a XServer running.                     ║
║ Set either 'headless: true' or use 'xvfb-run &lt;your-playwright-app&gt;' before running Playwright. ║
║                                                                                                ║
║ &lt;3 Playwright Team                                                                             ║
╚════════════════════════════════════════════════════════════════════════════════════════════════╝
  name='TargetClosedError
  stack='TargetClosedError: Target page, context or browser has been closed
Browser logs:

╔════════════════════════════════════════════════════════════════════════════════════════════════╗
║ Looks like you launched a headed browser without having a XServer running.                     ║
║ Set either 'headless: true' or use 'xvfb-run &lt;your-playwright-app&gt;' before running Playwright. ║
║                                                                                                ║
║ &lt;3 Playwright Team                                                                             ║
╚════════════════════════════════════════════════════════════════════════════════════════════════╝
    at DispatcherConnection.dispatch (/tmp/playwright-java-16843758545578701289/package/lib/server/dispatchers/dispatcher.js:375:15)
}
Call log:
- &lt;launching&gt; /home/runner/.cache/ms-playwright/chromium-1140/chrome-linux/chrome --disable-field-trial-config --disable-background-networking --disable-background-timer-throttling --disable-backgrounding-occluded-windows --disable-back-forward-cache --disable-breakpad --disable-client-side-phishing-detection --disable-component-extensions-with-background-pages --disable-component-update --no-default-browser-check --disable-default-apps --disable-dev-shm-usage --disable-extensions --disable-features=ImprovedCookieControls,LazyFrameLoading,GlobalMediaControls,DestroyProfileOnBrowserClose,MediaRouter,DialMediaRouteProvider,AcceptCHFrame,AutoExpandDetailsElement,CertificateTransparencyComponentUpdater,AvoidUnnecessaryBeforeUnloadCheckSync,Translate,HttpsUpgrades,PaintHolding,ThirdPartyStoragePartitioning,LensOverlay,PlzDedicatedWorker --allow-pre-commit-input --disable-hang-monitor --disable-ipc-flooding-protection --disable-popup-blocking --disable-prompt-on-repost --disable-renderer-backgrounding --force-color-profile=srgb --metrics-recording-only --no-first-run --enable-automation --password-store=basic --use-mock-keychain --no-service-autorun --export-tagged-pdf --disable-search-engine-choice-screen --unsafely-disable-devtools-self-xss-warnings --no-sandbox --no-sandbox --disable-gpu --disable-extensions --user-data-dir=/tmp/playwright_chromiumdev_profile-hLD3BF --remote-debugging-pipe --no-startup-window
- &lt;launched&gt; pid=10012
- [pid=10012][err] [10012:10012:0813/224216.151101:ERROR:ozone_platform_x11.cc(244)] Missing X server or $DISPLAY
- [pid=10012][err] [10012:10012:0813/224216.151460:ERROR:env.cc(258)] The platform failed to initialize.  Exiting.
</error><system-err>Error {
  message='Target page, context or browser has been closed
Browser logs:

╔════════════════════════════════════════════════════════════════════════════════════════════════╗
║ Looks like you launched a headed browser without having a XServer running.                     ║
║ Set either 'headless: true' or use 'xvfb-run &lt;your-playwright-app&gt;' before running Playwright. ║
║                                                                                                ║
║ &lt;3 Playwright Team                                                                             ║
╚════════════════════════════════════════════════════════════════════════════════════════════════╝
  name='TargetClosedError
  stack='TargetClosedError: Target page, context or browser has been closed
Browser logs:

╔════════════════════════════════════════════════════════════════════════════════════════════════╗
║ Looks like you launched a headed browser without having a XServer running.                     ║
║ Set either 'headless: true' or use 'xvfb-run &lt;your-playwright-app&gt;' before running Playwright. ║
║                                                                                                ║
║ &lt;3 Playwright Team                                                                             ║
╚════════════════════════════════════════════════════════════════════════════════════════════════╝
    at DispatcherConnection.dispatch (/tmp/playwright-java-16843758545578701289/package/lib/server/dispatchers/dispatcher.js:375:15)
}
Call log:
- &lt;launching&gt; /home/runner/.cache/ms-playwright/chromium-1140/chrome-linux/chrome --disable-field-trial-config --disable-background-networking --disable-background-timer-throttling --disable-backgrounding-occluded-windows --disable-back-forward-cache --disable-breakpad --disable-client-side-phishing-detection --disable-component-extensions-with-background-pages --disable-component-update --no-default-browser-check --disable-default-apps --disable-dev-shm-usage --disable-extensions --disable-features=ImprovedCookieControls,LazyFrameLoading,GlobalMediaControls,DestroyProfileOnBrowserClose,MediaRouter,DialMediaRouteProvider,AcceptCHFrame,AutoExpandDetailsElement,CertificateTransparencyComponentUpdater,AvoidUnnecessaryBeforeUnloadCheckSync,Translate,HttpsUpgrades,PaintHolding,ThirdPartyStoragePartitioning,LensOverlay,PlzDedicatedWorker --allow-pre-commit-input --disable-hang-monitor --disable-ipc-flooding-protection --disable-popup-blocking --disable-prompt-on-repost --disable-renderer-backgrounding --force-color-profile=srgb --metrics-recording-only --no-first-run --enable-automation --password-store=basic --use-mock-keychain --no-service-autorun --export-tagged-pdf --disable-search-engine-choice-screen --unsafely-disable-devtools-self-xss-warnings --no-sandbox --no-sandbox --disable-gpu --disable-extensions --user-data-dir=/tmp/playwright_chromiumdev_profile-hLD3BF --remote-debugging-pipe --no-startup-window
- &lt;launched&gt; pid=10012
- [pid=10012][err] [10012:10012:0813/224216.151101:ERROR:ozone_platform_x11.cc(244)] Missing X server or $DISPLAY
- [pid=10012][err] [10012:10012:0813/224216.151460:ERROR:env.cc(258)] The platform failed to initialize.  Exiting.

com.microsoft.playwright.impl.Connection.dispatch(Connection.java:256)
com.microsoft.playwright.impl.Connection.processOneMessage(Connection.java:211)
com.microsoft.playwright.impl.ChannelOwner.runUntil(ChannelOwner.java:130)
com.microsoft.playwright.impl.Connection.sendMessage(Connection.java:130)
com.microsoft.playwright.impl.ChannelOwner.sendMessage(ChannelOwner.java:118)
com.microsoft.playwright.impl.BrowserTypeImpl.launchImpl(BrowserTypeImpl.java:51)
com.microsoft.playwright.impl.BrowserTypeImpl.lambda$launch$0(BrowserTypeImpl.java:43)
com.microsoft.playwright.impl.LoggingSupport.withLogging(LoggingSupport.java:47)
com.microsoft.playwright.impl.ChannelOwner.withLogging(ChannelOwner.java:97)
com.microsoft.playwright.impl.BrowserTypeImpl.launch(BrowserTypeImpl.java:43)
com.microsoft.playwright.impl.BrowserTypeImpl.launch(BrowserTypeImpl.java:36)
com.playwright.toolshop.cucumber.stepdefinitions.PlaywrightCucumberFixtures.lambda$static$1(PlaywrightCucumberFixtures.java:19)
com.playwright.toolshop.cucumber.stepdefinitions.PlaywrightCucumberFixtures.setUp(PlaywrightCucumberFixtures.java:32)
</system-err></testcase><testcase name="Actor sorts product by Price"><error message="Error {&#10;  message='Target page, context or browser has been closed&#10;Browser logs:&#10;&#10;╔════════════════════════════════════════════════════════════════════════════════════════════════╗&#10;║ Looks like you launched a headed browser without having a XServer running.                     ║&#10;║ Set either 'headless: true' or use 'xvfb-run &lt;your-playwright-app&gt;' before running Playwright. ║&#10;║                                                                                                ║&#10;║ &lt;3 Playwright Team                                                                             ║&#10;╚════════════════════════════════════════════════════════════════════════════════════════════════╝&#10;  name='TargetClosedError&#10;  stack='TargetClosedError: Target page, context or browser has been closed&#10;Browser logs:&#10;&#10;╔════════════════════════════════════════════════════════════════════════════════════════════════╗&#10;║ Looks like you launched a headed browser without having a XServer running.                     ║&#10;║ Set either 'headless: true' or use 'xvfb-run &lt;your-playwright-app&gt;' before running Playwright. ║&#10;║                                                                                                ║&#10;║ &lt;3 Playwright Team                                                                             ║&#10;╚════════════════════════════════════════════════════════════════════════════════════════════════╝&#10;    at DispatcherConnection.dispatch (/tmp/playwright-java-16843758545578701289/package/lib/server/dispatchers/dispatcher.js:375:15)&#10;}&#10;Call log:&#10;- &lt;launching&gt; /home/runner/.cache/ms-playwright/chromium-1140/chrome-linux/chrome --disable-field-trial-config --disable-background-networking --disable-background-timer-throttling --disable-backgrounding-occluded-windows --disable-back-forward-cache --disable-breakpad --disable-client-side-phishing-detection --disable-component-extensions-with-background-pages --disable-component-update --no-default-browser-check --disable-default-apps --disable-dev-shm-usage --disable-extensions --disable-features=ImprovedCookieControls,LazyFrameLoading,GlobalMediaControls,DestroyProfileOnBrowserClose,MediaRouter,DialMediaRouteProvider,AcceptCHFrame,AutoExpandDetailsElement,CertificateTransparencyComponentUpdater,AvoidUnnecessaryBeforeUnloadCheckSync,Translate,HttpsUpgrades,PaintHolding,ThirdPartyStoragePartitioning,LensOverlay,PlzDedicatedWorker --allow-pre-commit-input --disable-hang-monitor --disable-ipc-flooding-protection --disable-popup-blocking --disable-prompt-on-repost --disable-renderer-backgrounding --force-color-profile=srgb --metrics-recording-only --no-first-run --enable-automation --password-store=basic --use-mock-keychain --no-service-autorun --export-tagged-pdf --disable-search-engine-choice-screen --unsafely-disable-devtools-self-xss-warnings --no-sandbox --no-sandbox --disable-gpu --disable-extensions --user-data-dir=/tmp/playwright_chromiumdev_profile-o3Gcoi --remote-debugging-pipe --no-startup-window&#10;- &lt;launched&gt; pid=10116&#10;- [pid=10116][err] [10116:10116:0813/224216.383070:ERROR:ozone_platform_x11.cc(244)] Missing X server or $DISPLAY&#10;- [pid=10116][err] [10116:10116:0813/224216.383856:ERROR:env.cc(258)] The platform failed to initialize.  Exiting.&#10;" type="com.microsoft.playwright.impl.TargetClosedError">Error {
  message='Target page, context or browser has been closed
Browser logs:

╔════════════════════════════════════════════════════════════════════════════════════════════════╗
║ Looks like you launched a headed browser without having a XServer running.                     ║
║ Set either 'headless: true' or use 'xvfb-run &lt;your-playwright-app&gt;' before running Playwright. ║
║                                                                                                ║
║ &lt;3 Playwright Team                                                                             ║
╚════════════════════════════════════════════════════════════════════════════════════════════════╝
  name='TargetClosedError
  stack='TargetClosedError: Target page, context or browser has been closed
Browser logs:

╔════════════════════════════════════════════════════════════════════════════════════════════════╗
║ Looks like you launched a headed browser without having a XServer running.                     ║
║ Set either 'headless: true' or use 'xvfb-run &lt;your-playwright-app&gt;' before running Playwright. ║
║                                                                                                ║
║ &lt;3 Playwright Team                                                                             ║
╚════════════════════════════════════════════════════════════════════════════════════════════════╝
    at DispatcherConnection.dispatch (/tmp/playwright-java-16843758545578701289/package/lib/server/dispatchers/dispatcher.js:375:15)
}
Call log:
- &lt;launching&gt; /home/runner/.cache/ms-playwright/chromium-1140/chrome-linux/chrome --disable-field-trial-config --disable-background-networking --disable-background-timer-throttling --disable-backgrounding-occluded-windows --disable-back-forward-cache --disable-breakpad --disable-client-side-phishing-detection --disable-component-extensions-with-background-pages --disable-component-update --no-default-browser-check --disable-default-apps --disable-dev-shm-usage --disable-extensions --disable-features=ImprovedCookieControls,LazyFrameLoading,GlobalMediaControls,DestroyProfileOnBrowserClose,MediaRouter,DialMediaRouteProvider,AcceptCHFrame,AutoExpandDetailsElement,CertificateTransparencyComponentUpdater,AvoidUnnecessaryBeforeUnloadCheckSync,Translate,HttpsUpgrades,PaintHolding,ThirdPartyStoragePartitioning,LensOverlay,PlzDedicatedWorker --allow-pre-commit-input --disable-hang-monitor --disable-ipc-flooding-protection --disable-popup-blocking --disable-prompt-on-repost --disable-renderer-backgrounding --force-color-profile=srgb --metrics-recording-only --no-first-run --enable-automation --password-store=basic --use-mock-keychain --no-service-autorun --export-tagged-pdf --disable-search-engine-choice-screen --unsafely-disable-devtools-self-xss-warnings --no-sandbox --no-sandbox --disable-gpu --disable-extensions --user-data-dir=/tmp/playwright_chromiumdev_profile-o3Gcoi --remote-debugging-pipe --no-startup-window
- &lt;launched&gt; pid=10116
- [pid=10116][err] [10116:10116:0813/224216.383070:ERROR:ozone_platform_x11.cc(244)] Missing X server or $DISPLAY
- [pid=10116][err] [10116:10116:0813/224216.383856:ERROR:env.cc(258)] The platform failed to initialize.  Exiting.
</error><system-err>Error {
  message='Target page, context or browser has been closed
Browser logs:

╔════════════════════════════════════════════════════════════════════════════════════════════════╗
║ Looks like you launched a headed browser without having a XServer running.                     ║
║ Set either 'headless: true' or use 'xvfb-run &lt;your-playwright-app&gt;' before running Playwright. ║
║                                                                                                ║
║ &lt;3 Playwright Team                                                                             ║
╚════════════════════════════════════════════════════════════════════════════════════════════════╝
  name='TargetClosedError
  stack='TargetClosedError: Target page, context or browser has been closed
Browser logs:

╔════════════════════════════════════════════════════════════════════════════════════════════════╗
║ Looks like you launched a headed browser without having a XServer running.                     ║
║ Set either 'headless: true' or use 'xvfb-run &lt;your-playwright-app&gt;' before running Playwright. ║
║                                                                                                ║
║ &lt;3 Playwright Team                                                                             ║
╚════════════════════════════════════════════════════════════════════════════════════════════════╝
    at DispatcherConnection.dispatch (/tmp/playwright-java-16843758545578701289/package/lib/server/dispatchers/dispatcher.js:375:15)
}
Call log:
- &lt;launching&gt; /home/runner/.cache/ms-playwright/chromium-1140/chrome-linux/chrome --disable-field-trial-config --disable-background-networking --disable-background-timer-throttling --disable-backgrounding-occluded-windows --disable-back-forward-cache --disable-breakpad --disable-client-side-phishing-detection --disable-component-extensions-with-background-pages --disable-component-update --no-default-browser-check --disable-default-apps --disable-dev-shm-usage --disable-extensions --disable-features=ImprovedCookieControls,LazyFrameLoading,GlobalMediaControls,DestroyProfileOnBrowserClose,MediaRouter,DialMediaRouteProvider,AcceptCHFrame,AutoExpandDetailsElement,CertificateTransparencyComponentUpdater,AvoidUnnecessaryBeforeUnloadCheckSync,Translate,HttpsUpgrades,PaintHolding,ThirdPartyStoragePartitioning,LensOverlay,PlzDedicatedWorker --allow-pre-commit-input --disable-hang-monitor --disable-ipc-flooding-protection --disable-popup-blocking --disable-prompt-on-repost --disable-renderer-backgrounding --force-color-profile=srgb --metrics-recording-only --no-first-run --enable-automation --password-store=basic --use-mock-keychain --no-service-autorun --export-tagged-pdf --disable-search-engine-choice-screen --unsafely-disable-devtools-self-xss-warnings --no-sandbox --no-sandbox --disable-gpu --disable-extensions --user-data-dir=/tmp/playwright_chromiumdev_profile-o3Gcoi --remote-debugging-pipe --no-startup-window
- &lt;launched&gt; pid=10116
- [pid=10116][err] [10116:10116:0813/224216.383070:ERROR:ozone_platform_x11.cc(244)] Missing X server or $DISPLAY
- [pid=10116][err] [10116:10116:0813/224216.383856:ERROR:env.cc(258)] The platform failed to initialize.  Exiting.

com.microsoft.playwright.impl.Connection.dispatch(Connection.java:256)
com.microsoft.playwright.impl.Connection.processOneMessage(Connection.java:211)
com.microsoft.playwright.impl.ChannelOwner.runUntil(ChannelOwner.java:130)
com.microsoft.playwright.impl.Connection.sendMessage(Connection.java:130)
com.microsoft.playwright.impl.ChannelOwner.sendMessage(ChannelOwner.java:118)
com.microsoft.playwright.impl.BrowserTypeImpl.launchImpl(BrowserTypeImpl.java:51)
com.microsoft.playwright.impl.BrowserTypeImpl.lambda$launch$0(BrowserTypeImpl.java:43)
com.microsoft.playwright.impl.LoggingSupport.withLogging(LoggingSupport.java:47)
com.microsoft.playwright.impl.ChannelOwner.withLogging(ChannelOwner.java:97)
com.microsoft.playwright.impl.BrowserTypeImpl.launch(BrowserTypeImpl.java:43)
com.microsoft.playwright.impl.BrowserTypeImpl.launch(BrowserTypeImpl.java:36)
com.playwright.toolshop.cucumber.stepdefinitions.PlaywrightCucumberFixtures.lambda$static$1(PlaywrightCucumberFixtures.java:19)
com.playwright.toolshop.cucumber.stepdefinitions.PlaywrightCucumberFixtures.setUp(PlaywrightCucumberFixtures.java:32)
</system-err></testcase><testcase name="Actor searches for Combination Pliers"><error message="Error {&#10;  message='Target page, context or browser has been closed&#10;Browser logs:&#10;&#10;╔════════════════════════════════════════════════════════════════════════════════════════════════╗&#10;║ Looks like you launched a headed browser without having a XServer running.                     ║&#10;║ Set either 'headless: true' or use 'xvfb-run &lt;your-playwright-app&gt;' before running Playwright. ║&#10;║                                                                                                ║&#10;║ &lt;3 Playwright Team                                                                             ║&#10;╚════════════════════════════════════════════════════════════════════════════════════════════════╝&#10;  name='TargetClosedError&#10;  stack='TargetClosedError: Target page, context or browser has been closed&#10;Browser logs:&#10;&#10;╔════════════════════════════════════════════════════════════════════════════════════════════════╗&#10;║ Looks like you launched a headed browser without having a XServer running.                     ║&#10;║ Set either 'headless: true' or use 'xvfb-run &lt;your-playwright-app&gt;' before running Playwright. ║&#10;║                                                                                                ║&#10;║ &lt;3 Playwright Team                                                                             ║&#10;╚════════════════════════════════════════════════════════════════════════════════════════════════╝&#10;    at DispatcherConnection.dispatch (/tmp/playwright-java-16843758545578701289/package/lib/server/dispatchers/dispatcher.js:375:15)&#10;}&#10;Call log:&#10;- &lt;launching&gt; /home/runner/.cache/ms-playwright/chromium-1140/chrome-linux/chrome --disable-field-trial-config --disable-background-networking --disable-background-timer-throttling --disable-backgrounding-occluded-windows --disable-back-forward-cache --disable-breakpad --disable-client-side-phishing-detection --disable-component-extensions-with-background-pages --disable-component-update --no-default-browser-check --disable-default-apps --disable-dev-shm-usage --disable-extensions --disable-features=ImprovedCookieControls,LazyFrameLoading,GlobalMediaControls,DestroyProfileOnBrowserClose,MediaRouter,DialMediaRouteProvider,AcceptCHFrame,AutoExpandDetailsElement,CertificateTransparencyComponentUpdater,AvoidUnnecessaryBeforeUnloadCheckSync,Translate,HttpsUpgrades,PaintHolding,ThirdPartyStoragePartitioning,LensOverlay,PlzDedicatedWorker --allow-pre-commit-input --disable-hang-monitor --disable-ipc-flooding-protection --disable-popup-blocking --disable-prompt-on-repost --disable-renderer-backgrounding --force-color-profile=srgb --metrics-recording-only --no-first-run --enable-automation --password-store=basic --use-mock-keychain --no-service-autorun --export-tagged-pdf --disable-search-engine-choice-screen --unsafely-disable-devtools-self-xss-warnings --no-sandbox --no-sandbox --disable-gpu --disable-extensions --user-data-dir=/tmp/playwright_chromiumdev_profile-xzMPhh --remote-debugging-pipe --no-startup-window&#10;- &lt;launched&gt; pid=10117&#10;- [pid=10117][err] [10117:10117:0813/224216.364440:ERROR:ozone_platform_x11.cc(244)] Missing X server or $DISPLAY&#10;- [pid=10117][err] [10117:10117:0813/224216.364474:ERROR:env.cc(258)] The platform failed to initialize.  Exiting.&#10;" type="com.microsoft.playwright.impl.TargetClosedError">Error {
  message='Target page, context or browser has been closed
Browser logs:

╔════════════════════════════════════════════════════════════════════════════════════════════════╗
║ Looks like you launched a headed browser without having a XServer running.                     ║
║ Set either 'headless: true' or use 'xvfb-run &lt;your-playwright-app&gt;' before running Playwright. ║
║                                                                                                ║
║ &lt;3 Playwright Team                                                                             ║
╚════════════════════════════════════════════════════════════════════════════════════════════════╝
  name='TargetClosedError
  stack='TargetClosedError: Target page, context or browser has been closed
Browser logs:

╔════════════════════════════════════════════════════════════════════════════════════════════════╗
║ Looks like you launched a headed browser without having a XServer running.                     ║
║ Set either 'headless: true' or use 'xvfb-run &lt;your-playwright-app&gt;' before running Playwright. ║
║                                                                                                ║
║ &lt;3 Playwright Team                                                                             ║
╚════════════════════════════════════════════════════════════════════════════════════════════════╝
    at DispatcherConnection.dispatch (/tmp/playwright-java-16843758545578701289/package/lib/server/dispatchers/dispatcher.js:375:15)
}
Call log:
- &lt;launching&gt; /home/runner/.cache/ms-playwright/chromium-1140/chrome-linux/chrome --disable-field-trial-config --disable-background-networking --disable-background-timer-throttling --disable-backgrounding-occluded-windows --disable-back-forward-cache --disable-breakpad --disable-client-side-phishing-detection --disable-component-extensions-with-background-pages --disable-component-update --no-default-browser-check --disable-default-apps --disable-dev-shm-usage --disable-extensions --disable-features=ImprovedCookieControls,LazyFrameLoading,GlobalMediaControls,DestroyProfileOnBrowserClose,MediaRouter,DialMediaRouteProvider,AcceptCHFrame,AutoExpandDetailsElement,CertificateTransparencyComponentUpdater,AvoidUnnecessaryBeforeUnloadCheckSync,Translate,HttpsUpgrades,PaintHolding,ThirdPartyStoragePartitioning,LensOverlay,PlzDedicatedWorker --allow-pre-commit-input --disable-hang-monitor --disable-ipc-flooding-protection --disable-popup-blocking --disable-prompt-on-repost --disable-renderer-backgrounding --force-color-profile=srgb --metrics-recording-only --no-first-run --enable-automation --password-store=basic --use-mock-keychain --no-service-autorun --export-tagged-pdf --disable-search-engine-choice-screen --unsafely-disable-devtools-self-xss-warnings --no-sandbox --no-sandbox --disable-gpu --disable-extensions --user-data-dir=/tmp/playwright_chromiumdev_profile-xzMPhh --remote-debugging-pipe --no-startup-window
- &lt;launched&gt; pid=10117
- [pid=10117][err] [10117:10117:0813/224216.364440:ERROR:ozone_platform_x11.cc(244)] Missing X server or $DISPLAY
- [pid=10117][err] [10117:10117:0813/224216.364474:ERROR:env.cc(258)] The platform failed to initialize.  Exiting.
</error><system-err>Error {
  message='Target page, context or browser has been closed
Browser logs:

╔════════════════════════════════════════════════════════════════════════════════════════════════╗
║ Looks like you launched a headed browser without having a XServer running.                     ║
║ Set either 'headless: true' or use 'xvfb-run &lt;your-playwright-app&gt;' before running Playwright. ║
║                                                                                                ║
║ &lt;3 Playwright Team                                                                             ║
╚════════════════════════════════════════════════════════════════════════════════════════════════╝
  name='TargetClosedError
  stack='TargetClosedError: Target page, context or browser has been closed
Browser logs:

╔════════════════════════════════════════════════════════════════════════════════════════════════╗
║ Looks like you launched a headed browser without having a XServer running.                     ║
║ Set either 'headless: true' or use 'xvfb-run &lt;your-playwright-app&gt;' before running Playwright. ║
║                                                                                                ║
║ &lt;3 Playwright Team                                                                             ║
╚════════════════════════════════════════════════════════════════════════════════════════════════╝
    at DispatcherConnection.dispatch (/tmp/playwright-java-16843758545578701289/package/lib/server/dispatchers/dispatcher.js:375:15)
}
Call log:
- &lt;launching&gt; /home/runner/.cache/ms-playwright/chromium-1140/chrome-linux/chrome --disable-field-trial-config --disable-background-networking --disable-background-timer-throttling --disable-backgrounding-occluded-windows --disable-back-forward-cache --disable-breakpad --disable-client-side-phishing-detection --disable-component-extensions-with-background-pages --disable-component-update --no-default-browser-check --disable-default-apps --disable-dev-shm-usage --disable-extensions --disable-features=ImprovedCookieControls,LazyFrameLoading,GlobalMediaControls,DestroyProfileOnBrowserClose,MediaRouter,DialMediaRouteProvider,AcceptCHFrame,AutoExpandDetailsElement,CertificateTransparencyComponentUpdater,AvoidUnnecessaryBeforeUnloadCheckSync,Translate,HttpsUpgrades,PaintHolding,ThirdPartyStoragePartitioning,LensOverlay,PlzDedicatedWorker --allow-pre-commit-input --disable-hang-monitor --disable-ipc-flooding-protection --disable-popup-blocking --disable-prompt-on-repost --disable-renderer-backgrounding --force-color-profile=srgb --metrics-recording-only --no-first-run --enable-automation --password-store=basic --use-mock-keychain --no-service-autorun --export-tagged-pdf --disable-search-engine-choice-screen --unsafely-disable-devtools-self-xss-warnings --no-sandbox --no-sandbox --disable-gpu --disable-extensions --user-data-dir=/tmp/playwright_chromiumdev_profile-xzMPhh --remote-debugging-pipe --no-startup-window
- &lt;launched&gt; pid=10117
- [pid=10117][err] [10117:10117:0813/224216.364440:ERROR:ozone_platform_x11.cc(244)] Missing X server or $DISPLAY
- [pid=10117][err] [10117:10117:0813/224216.364474:ERROR:env.cc(258)] The platform failed to initialize.  Exiting.

com.microsoft.playwright.impl.Connection.dispatch(Connection.java:256)
com.microsoft.playwright.impl.Connection.processOneMessage(Connection.java:211)
com.microsoft.playwright.impl.ChannelOwner.runUntil(ChannelOwner.java:130)
com.microsoft.playwright.impl.Connection.sendMessage(Connection.java:130)
com.microsoft.playwright.impl.ChannelOwner.sendMessage(ChannelOwner.java:118)
com.microsoft.playwright.impl.BrowserTypeImpl.launchImpl(BrowserTypeImpl.java:51)
com.microsoft.playwright.impl.BrowserTypeImpl.lambda$launch$0(BrowserTypeImpl.java:43)
com.microsoft.playwright.impl.LoggingSupport.withLogging(LoggingSupport.java:47)
com.microsoft.playwright.impl.ChannelOwner.withLogging(ChannelOwner.java:97)
com.microsoft.playwright.impl.BrowserTypeImpl.launch(BrowserTypeImpl.java:43)
com.microsoft.playwright.impl.BrowserTypeImpl.launch(BrowserTypeImpl.java:36)
com.playwright.toolshop.cucumber.stepdefinitions.PlaywrightCucumberFixtures.lambda$static$1(PlaywrightCucumberFixtures.java:19)
com.playwright.toolshop.cucumber.stepdefinitions.PlaywrightCucumberFixtures.setUp(PlaywrightCucumberFixtures.java:32)
</system-err></testcase><testcase name="Actor searches for general term"><error message="Error {&#10;  message='Target page, context or browser has been closed&#10;Browser logs:&#10;&#10;╔════════════════════════════════════════════════════════════════════════════════════════════════╗&#10;║ Looks like you launched a headed browser without having a XServer running.                     ║&#10;║ Set either 'headless: true' or use 'xvfb-run &lt;your-playwright-app&gt;' before running Playwright. ║&#10;║                                                                                                ║&#10;║ &lt;3 Playwright Team                                                                             ║&#10;╚════════════════════════════════════════════════════════════════════════════════════════════════╝&#10;  name='TargetClosedError&#10;  stack='TargetClosedError: Target page, context or browser has been closed&#10;Browser logs:&#10;&#10;╔════════════════════════════════════════════════════════════════════════════════════════════════╗&#10;║ Looks like you launched a headed browser without having a XServer running.                     ║&#10;║ Set either 'headless: true' or use 'xvfb-run &lt;your-playwright-app&gt;' before running Playwright. ║&#10;║                                                                                                ║&#10;║ &lt;3 Playwright Team                                                                             ║&#10;╚════════════════════════════════════════════════════════════════════════════════════════════════╝&#10;    at DispatcherConnection.dispatch (/tmp/playwright-java-16843758545578701289/package/lib/server/dispatchers/dispatcher.js:375:15)&#10;}&#10;Call log:&#10;- &lt;launching&gt; /home/runner/.cache/ms-playwright/chromium-1140/chrome-linux/chrome --disable-field-trial-config --disable-background-networking --disable-background-timer-throttling --disable-backgrounding-occluded-windows --disable-back-forward-cache --disable-breakpad --disable-client-side-phishing-detection --disable-component-extensions-with-background-pages --disable-component-update --no-default-browser-check --disable-default-apps --disable-dev-shm-usage --disable-extensions --disable-features=ImprovedCookieControls,LazyFrameLoading,GlobalMediaControls,DestroyProfileOnBrowserClose,MediaRouter,DialMediaRouteProvider,AcceptCHFrame,AutoExpandDetailsElement,CertificateTransparencyComponentUpdater,AvoidUnnecessaryBeforeUnloadCheckSync,Translate,HttpsUpgrades,PaintHolding,ThirdPartyStoragePartitioning,LensOverlay,PlzDedicatedWorker --allow-pre-commit-input --disable-hang-monitor --disable-ipc-flooding-protection --disable-popup-blocking --disable-prompt-on-repost --disable-renderer-backgrounding --force-color-profile=srgb --metrics-recording-only --no-first-run --enable-automation --password-store=basic --use-mock-keychain --no-service-autorun --export-tagged-pdf --disable-search-engine-choice-screen --unsafely-disable-devtools-self-xss-warnings --no-sandbox --no-sandbox --disable-gpu --disable-extensions --user-data-dir=/tmp/playwright_chromiumdev_profile-4Mg8mC --remote-debugging-pipe --no-startup-window&#10;- &lt;launched&gt; pid=10178&#10;- [pid=10178][err] [10178:10178:0813/224216.534647:ERROR:ozone_platform_x11.cc(244)] Missing X server or $DISPLAY&#10;- [pid=10178][err] [10178:10178:0813/224216.535062:ERROR:env.cc(258)] The platform failed to initialize.  Exiting.&#10;" type="com.microsoft.playwright.impl.TargetClosedError">Error {
  message='Target page, context or browser has been closed
Browser logs:

╔════════════════════════════════════════════════════════════════════════════════════════════════╗
║ Looks like you launched a headed browser without having a XServer running.                     ║
║ Set either 'headless: true' or use 'xvfb-run &lt;your-playwright-app&gt;' before running Playwright. ║
║                                                                                                ║
║ &lt;3 Playwright Team                                                                             ║
╚════════════════════════════════════════════════════════════════════════════════════════════════╝
  name='TargetClosedError
  stack='TargetClosedError: Target page, context or browser has been closed
Browser logs:

╔════════════════════════════════════════════════════════════════════════════════════════════════╗
║ Looks like you launched a headed browser without having a XServer running.                     ║
║ Set either 'headless: true' or use 'xvfb-run &lt;your-playwright-app&gt;' before running Playwright. ║
║                                                                                                ║
║ &lt;3 Playwright Team                                                                             ║
╚════════════════════════════════════════════════════════════════════════════════════════════════╝
    at DispatcherConnection.dispatch (/tmp/playwright-java-16843758545578701289/package/lib/server/dispatchers/dispatcher.js:375:15)
}
Call log:
- &lt;launching&gt; /home/runner/.cache/ms-playwright/chromium-1140/chrome-linux/chrome --disable-field-trial-config --disable-background-networking --disable-background-timer-throttling --disable-backgrounding-occluded-windows --disable-back-forward-cache --disable-breakpad --disable-client-side-phishing-detection --disable-component-extensions-with-background-pages --disable-component-update --no-default-browser-check --disable-default-apps --disable-dev-shm-usage --disable-extensions --disable-features=ImprovedCookieControls,LazyFrameLoading,GlobalMediaControls,DestroyProfileOnBrowserClose,MediaRouter,DialMediaRouteProvider,AcceptCHFrame,AutoExpandDetailsElement,CertificateTransparencyComponentUpdater,AvoidUnnecessaryBeforeUnloadCheckSync,Translate,HttpsUpgrades,PaintHolding,ThirdPartyStoragePartitioning,LensOverlay,PlzDedicatedWorker --allow-pre-commit-input --disable-hang-monitor --disable-ipc-flooding-protection --disable-popup-blocking --disable-prompt-on-repost --disable-renderer-backgrounding --force-color-profile=srgb --metrics-recording-only --no-first-run --enable-automation --password-store=basic --use-mock-keychain --no-service-autorun --export-tagged-pdf --disable-search-engine-choice-screen --unsafely-disable-devtools-self-xss-warnings --no-sandbox --no-sandbox --disable-gpu --disable-extensions --user-data-dir=/tmp/playwright_chromiumdev_profile-4Mg8mC --remote-debugging-pipe --no-startup-window
- &lt;launched&gt; pid=10178
- [pid=10178][err] [10178:10178:0813/224216.534647:ERROR:ozone_platform_x11.cc(244)] Missing X server or $DISPLAY
- [pid=10178][err] [10178:10178:0813/224216.535062:ERROR:env.cc(258)] The platform failed to initialize.  Exiting.
</error><system-err>Error {
  message='Target page, context or browser has been closed
Browser logs:

╔════════════════════════════════════════════════════════════════════════════════════════════════╗
║ Looks like you launched a headed browser without having a XServer running.                     ║
║ Set either 'headless: true' or use 'xvfb-run &lt;your-playwright-app&gt;' before running Playwright. ║
║                                                                                                ║
║ &lt;3 Playwright Team                                                                             ║
╚════════════════════════════════════════════════════════════════════════════════════════════════╝
  name='TargetClosedError
  stack='TargetClosedError: Target page, context or browser has been closed
Browser logs:

╔════════════════════════════════════════════════════════════════════════════════════════════════╗
║ Looks like you launched a headed browser without having a XServer running.                     ║
║ Set either 'headless: true' or use 'xvfb-run &lt;your-playwright-app&gt;' before running Playwright. ║
║                                                                                                ║
║ &lt;3 Playwright Team                                                                             ║
╚════════════════════════════════════════════════════════════════════════════════════════════════╝
    at DispatcherConnection.dispatch (/tmp/playwright-java-16843758545578701289/package/lib/server/dispatchers/dispatcher.js:375:15)
}
Call log:
- &lt;launching&gt; /home/runner/.cache/ms-playwright/chromium-1140/chrome-linux/chrome --disable-field-trial-config --disable-background-networking --disable-background-timer-throttling --disable-backgrounding-occluded-windows --disable-back-forward-cache --disable-breakpad --disable-client-side-phishing-detection --disable-component-extensions-with-background-pages --disable-component-update --no-default-browser-check --disable-default-apps --disable-dev-shm-usage --disable-extensions --disable-features=ImprovedCookieControls,LazyFrameLoading,GlobalMediaControls,DestroyProfileOnBrowserClose,MediaRouter,DialMediaRouteProvider,AcceptCHFrame,AutoExpandDetailsElement,CertificateTransparencyComponentUpdater,AvoidUnnecessaryBeforeUnloadCheckSync,Translate,HttpsUpgrades,PaintHolding,ThirdPartyStoragePartitioning,LensOverlay,PlzDedicatedWorker --allow-pre-commit-input --disable-hang-monitor --disable-ipc-flooding-protection --disable-popup-blocking --disable-prompt-on-repost --disable-renderer-backgrounding --force-color-profile=srgb --metrics-recording-only --no-first-run --enable-automation --password-store=basic --use-mock-keychain --no-service-autorun --export-tagged-pdf --disable-search-engine-choice-screen --unsafely-disable-devtools-self-xss-warnings --no-sandbox --no-sandbox --disable-gpu --disable-extensions --user-data-dir=/tmp/playwright_chromiumdev_profile-4Mg8mC --remote-debugging-pipe --no-startup-window
- &lt;launched&gt; pid=10178
- [pid=10178][err] [10178:10178:0813/224216.534647:ERROR:ozone_platform_x11.cc(244)] Missing X server or $DISPLAY
- [pid=10178][err] [10178:10178:0813/224216.535062:ERROR:env.cc(258)] The platform failed to initialize.  Exiting.

com.microsoft.playwright.impl.Connection.dispatch(Connection.java:256)
com.microsoft.playwright.impl.Connection.processOneMessage(Connection.java:211)
com.microsoft.playwright.impl.ChannelOwner.runUntil(ChannelOwner.java:130)
com.microsoft.playwright.impl.Connection.sendMessage(Connection.java:130)
com.microsoft.playwright.impl.ChannelOwner.sendMessage(ChannelOwner.java:118)
com.microsoft.playwright.impl.BrowserTypeImpl.launchImpl(BrowserTypeImpl.java:51)
com.microsoft.playwright.impl.BrowserTypeImpl.lambda$launch$0(BrowserTypeImpl.java:43)
com.microsoft.playwright.impl.LoggingSupport.withLogging(LoggingSupport.java:47)
com.microsoft.playwright.impl.ChannelOwner.withLogging(ChannelOwner.java:97)
com.microsoft.playwright.impl.BrowserTypeImpl.launch(BrowserTypeImpl.java:43)
com.microsoft.playwright.impl.BrowserTypeImpl.launch(BrowserTypeImpl.java:36)
com.playwright.toolshop.cucumber.stepdefinitions.PlaywrightCucumberFixtures.lambda$static$1(PlaywrightCucumberFixtures.java:19)
com.playwright.toolshop.cucumber.stepdefinitions.PlaywrightCucumberFixtures.setUp(PlaywrightCucumberFixtures.java:32)
</system-err></testcase><testcase name="Actor sorts product by Name"><error message="Error {&#10;  message='Target page, context or browser has been closed&#10;Browser logs:&#10;&#10;╔════════════════════════════════════════════════════════════════════════════════════════════════╗&#10;║ Looks like you launched a headed browser without having a XServer running.                     ║&#10;║ Set either 'headless: true' or use 'xvfb-run &lt;your-playwright-app&gt;' before running Playwright. ║&#10;║                                                                                                ║&#10;║ &lt;3 Playwright Team                                                                             ║&#10;╚════════════════════════════════════════════════════════════════════════════════════════════════╝&#10;  name='TargetClosedError&#10;  stack='TargetClosedError: Target page, context or browser has been closed&#10;Browser logs:&#10;&#10;╔════════════════════════════════════════════════════════════════════════════════════════════════╗&#10;║ Looks like you launched a headed browser without having a XServer running.                     ║&#10;║ Set either 'headless: true' or use 'xvfb-run &lt;your-playwright-app&gt;' before running Playwright. ║&#10;║                                                                                                ║&#10;║ &lt;3 Playwright Team                                                                             ║&#10;╚════════════════════════════════════════════════════════════════════════════════════════════════╝&#10;    at DispatcherConnection.dispatch (/tmp/playwright-java-16843758545578701289/package/lib/server/dispatchers/dispatcher.js:375:15)&#10;}&#10;Call log:&#10;- &lt;launching&gt; /home/runner/.cache/ms-playwright/chromium-1140/chrome-linux/chrome --disable-field-trial-config --disable-background-networking --disable-background-timer-throttling --disable-backgrounding-occluded-windows --disable-back-forward-cache --disable-breakpad --disable-client-side-phishing-detection --disable-component-extensions-with-background-pages --disable-component-update --no-default-browser-check --disable-default-apps --disable-dev-shm-usage --disable-extensions --disable-features=ImprovedCookieControls,LazyFrameLoading,GlobalMediaControls,DestroyProfileOnBrowserClose,MediaRouter,DialMediaRouteProvider,AcceptCHFrame,AutoExpandDetailsElement,CertificateTransparencyComponentUpdater,AvoidUnnecessaryBeforeUnloadCheckSync,Translate,HttpsUpgrades,PaintHolding,ThirdPartyStoragePartitioning,LensOverlay,PlzDedicatedWorker --allow-pre-commit-input --disable-hang-monitor --disable-ipc-flooding-protection --disable-popup-blocking --disable-prompt-on-repost --disable-renderer-backgrounding --force-color-profile=srgb --metrics-recording-only --no-first-run --enable-automation --password-store=basic --use-mock-keychain --no-service-autorun --export-tagged-pdf --disable-search-engine-choice-screen --unsafely-disable-devtools-self-xss-warnings --no-sandbox --no-sandbox --disable-gpu --disable-extensions --user-data-dir=/tmp/playwright_chromiumdev_profile-DNylfr --remote-debugging-pipe --no-startup-window&#10;- &lt;launched&gt; pid=10205&#10;- [pid=10205][err] [10205:10205:0813/224216.694396:ERROR:ozone_platform_x11.cc(244)] Missing X server or $DISPLAY&#10;- [pid=10205][err] [10205:10205:0813/224216.694430:ERROR:env.cc(258)] The platform failed to initialize.  Exiting.&#10;" type="com.microsoft.playwright.impl.TargetClosedError">Error {
  message='Target page, context or browser has been closed
Browser logs:

╔════════════════════════════════════════════════════════════════════════════════════════════════╗
║ Looks like you launched a headed browser without having a XServer running.                     ║
║ Set either 'headless: true' or use 'xvfb-run &lt;your-playwright-app&gt;' before running Playwright. ║
║                                                                                                ║
║ &lt;3 Playwright Team                                                                             ║
╚════════════════════════════════════════════════════════════════════════════════════════════════╝
  name='TargetClosedError
  stack='TargetClosedError: Target page, context or browser has been closed
Browser logs:

╔════════════════════════════════════════════════════════════════════════════════════════════════╗
║ Looks like you launched a headed browser without having a XServer running.                     ║
║ Set either 'headless: true' or use 'xvfb-run &lt;your-playwright-app&gt;' before running Playwright. ║
║                                                                                                ║
║ &lt;3 Playwright Team                                                                             ║
╚════════════════════════════════════════════════════════════════════════════════════════════════╝
    at DispatcherConnection.dispatch (/tmp/playwright-java-16843758545578701289/package/lib/server/dispatchers/dispatcher.js:375:15)
}
Call log:
- &lt;launching&gt; /home/runner/.cache/ms-playwright/chromium-1140/chrome-linux/chrome --disable-field-trial-config --disable-background-networking --disable-background-timer-throttling --disable-backgrounding-occluded-windows --disable-back-forward-cache --disable-breakpad --disable-client-side-phishing-detection --disable-component-extensions-with-background-pages --disable-component-update --no-default-browser-check --disable-default-apps --disable-dev-shm-usage --disable-extensions --disable-features=ImprovedCookieControls,LazyFrameLoading,GlobalMediaControls,DestroyProfileOnBrowserClose,MediaRouter,DialMediaRouteProvider,AcceptCHFrame,AutoExpandDetailsElement,CertificateTransparencyComponentUpdater,AvoidUnnecessaryBeforeUnloadCheckSync,Translate,HttpsUpgrades,PaintHolding,ThirdPartyStoragePartitioning,LensOverlay,PlzDedicatedWorker --allow-pre-commit-input --disable-hang-monitor --disable-ipc-flooding-protection --disable-popup-blocking --disable-prompt-on-repost --disable-renderer-backgrounding --force-color-profile=srgb --metrics-recording-only --no-first-run --enable-automation --password-store=basic --use-mock-keychain --no-service-autorun --export-tagged-pdf --disable-search-engine-choice-screen --unsafely-disable-devtools-self-xss-warnings --no-sandbox --no-sandbox --disable-gpu --disable-extensions --user-data-dir=/tmp/playwright_chromiumdev_profile-DNylfr --remote-debugging-pipe --no-startup-window
- &lt;launched&gt; pid=10205
- [pid=10205][err] [10205:10205:0813/224216.694396:ERROR:ozone_platform_x11.cc(244)] Missing X server or $DISPLAY
- [pid=10205][err] [10205:10205:0813/224216.694430:ERROR:env.cc(258)] The platform failed to initialize.  Exiting.
</error><system-err>Error {
  message='Target page, context or browser has been closed
Browser logs:

╔════════════════════════════════════════════════════════════════════════════════════════════════╗
║ Looks like you launched a headed browser without having a XServer running.                     ║
║ Set either 'headless: true' or use 'xvfb-run &lt;your-playwright-app&gt;' before running Playwright. ║
║                                                                                                ║
║ &lt;3 Playwright Team                                                                             ║
╚════════════════════════════════════════════════════════════════════════════════════════════════╝
  name='TargetClosedError
  stack='TargetClosedError: Target page, context or browser has been closed
Browser logs:

╔════════════════════════════════════════════════════════════════════════════════════════════════╗
║ Looks like you launched a headed browser without having a XServer running.                     ║
║ Set either 'headless: true' or use 'xvfb-run &lt;your-playwright-app&gt;' before running Playwright. ║
║                                                                                                ║
║ &lt;3 Playwright Team                                                                             ║
╚════════════════════════════════════════════════════════════════════════════════════════════════╝
    at DispatcherConnection.dispatch (/tmp/playwright-java-16843758545578701289/package/lib/server/dispatchers/dispatcher.js:375:15)
}
Call log:
- &lt;launching&gt; /home/runner/.cache/ms-playwright/chromium-1140/chrome-linux/chrome --disable-field-trial-config --disable-background-networking --disable-background-timer-throttling --disable-backgrounding-occluded-windows --disable-back-forward-cache --disable-breakpad --disable-client-side-phishing-detection --disable-component-extensions-with-background-pages --disable-component-update --no-default-browser-check --disable-default-apps --disable-dev-shm-usage --disable-extensions --disable-features=ImprovedCookieControls,LazyFrameLoading,GlobalMediaControls,DestroyProfileOnBrowserClose,MediaRouter,DialMediaRouteProvider,AcceptCHFrame,AutoExpandDetailsElement,CertificateTransparencyComponentUpdater,AvoidUnnecessaryBeforeUnloadCheckSync,Translate,HttpsUpgrades,PaintHolding,ThirdPartyStoragePartitioning,LensOverlay,PlzDedicatedWorker --allow-pre-commit-input --disable-hang-monitor --disable-ipc-flooding-protection --disable-popup-blocking --disable-prompt-on-repost --disable-renderer-backgrounding --force-color-profile=srgb --metrics-recording-only --no-first-run --enable-automation --password-store=basic --use-mock-keychain --no-service-autorun --export-tagged-pdf --disable-search-engine-choice-screen --unsafely-disable-devtools-self-xss-warnings --no-sandbox --no-sandbox --disable-gpu --disable-extensions --user-data-dir=/tmp/playwright_chromiumdev_profile-DNylfr --remote-debugging-pipe --no-startup-window
- &lt;launched&gt; pid=10205
- [pid=10205][err] [10205:10205:0813/224216.694396:ERROR:ozone_platform_x11.cc(244)] Missing X server or $DISPLAY
- [pid=10205][err] [10205:10205:0813/224216.694430:ERROR:env.cc(258)] The platform failed to initialize.  Exiting.

com.microsoft.playwright.impl.Connection.dispatch(Connection.java:256)
com.microsoft.playwright.impl.Connection.processOneMessage(Connection.java:211)
com.microsoft.playwright.impl.ChannelOwner.runUntil(ChannelOwner.java:130)
com.microsoft.playwright.impl.Connection.sendMessage(Connection.java:130)
com.microsoft.playwright.impl.ChannelOwner.sendMessage(ChannelOwner.java:118)
com.microsoft.playwright.impl.BrowserTypeImpl.launchImpl(BrowserTypeImpl.java:51)
com.microsoft.playwright.impl.BrowserTypeImpl.lambda$launch$0(BrowserTypeImpl.java:43)
com.microsoft.playwright.impl.LoggingSupport.withLogging(LoggingSupport.java:47)
com.microsoft.playwright.impl.ChannelOwner.withLogging(ChannelOwner.java:97)
com.microsoft.playwright.impl.BrowserTypeImpl.launch(BrowserTypeImpl.java:43)
com.microsoft.playwright.impl.BrowserTypeImpl.launch(BrowserTypeImpl.java:36)
com.playwright.toolshop.cucumber.stepdefinitions.PlaywrightCucumberFixtures.lambda$static$1(PlaywrightCucumberFixtures.java:19)
com.playwright.toolshop.cucumber.stepdefinitions.PlaywrightCucumberFixtures.setUp(PlaywrightCucumberFixtures.java:32)
</system-err></testcase><testcase name="Actor filters by Hand Tools category"><error message="Error {&#10;  message='Target page, context or browser has been closed&#10;Browser logs:&#10;&#10;╔════════════════════════════════════════════════════════════════════════════════════════════════╗&#10;║ Looks like you launched a headed browser without having a XServer running.                     ║&#10;║ Set either 'headless: true' or use 'xvfb-run &lt;your-playwright-app&gt;' before running Playwright. ║&#10;║                                                                                                ║&#10;║ &lt;3 Playwright Team                                                                             ║&#10;╚════════════════════════════════════════════════════════════════════════════════════════════════╝&#10;  name='TargetClosedError&#10;  stack='TargetClosedError: Target page, context or browser has been closed&#10;Browser logs:&#10;&#10;╔════════════════════════════════════════════════════════════════════════════════════════════════╗&#10;║ Looks like you launched a headed browser without having a XServer running.                     ║&#10;║ Set either 'headless: true' or use 'xvfb-run &lt;your-playwright-app&gt;' before running Playwright. ║&#10;║                                                                                                ║&#10;║ &lt;3 Playwright Team                                                                             ║&#10;╚════════════════════════════════════════════════════════════════════════════════════════════════╝&#10;    at DispatcherConnection.dispatch (/tmp/playwright-java-16843758545578701289/package/lib/server/dispatchers/dispatcher.js:375:15)&#10;}&#10;Call log:&#10;- &lt;launching&gt; /home/runner/.cache/ms-playwright/chromium-1140/chrome-linux/chrome --disable-field-trial-config --disable-background-networking --disable-background-timer-throttling --disable-backgrounding-occluded-windows --disable-back-forward-cache --disable-breakpad --disable-client-side-phishing-detection --disable-component-extensions-with-background-pages --disable-component-update --no-default-browser-check --disable-default-apps --disable-dev-shm-usage --disable-extensions --disable-features=ImprovedCookieControls,LazyFrameLoading,GlobalMediaControls,DestroyProfileOnBrowserClose,MediaRouter,DialMediaRouteProvider,AcceptCHFrame,AutoExpandDetailsElement,CertificateTransparencyComponentUpdater,AvoidUnnecessaryBeforeUnloadCheckSync,Translate,HttpsUpgrades,PaintHolding,ThirdPartyStoragePartitioning,LensOverlay,PlzDedicatedWorker --allow-pre-commit-input --disable-hang-monitor --disable-ipc-flooding-protection --disable-popup-blocking --disable-prompt-on-repost --disable-renderer-backgrounding --force-color-profile=srgb --metrics-recording-only --no-first-run --enable-automation --password-store=basic --use-mock-keychain --no-service-autorun --export-tagged-pdf --disable-search-engine-choice-screen --unsafely-disable-devtools-self-xss-warnings --no-sandbox --no-sandbox --disable-gpu --disable-extensions --user-data-dir=/tmp/playwright_chromiumdev_profile-2wl35R --remote-debugging-pipe --no-startup-window&#10;- &lt;launched&gt; pid=10226&#10;- [pid=10226][err] [10226:10226:0813/224216.728442:ERROR:ozone_platform_x11.cc(244)] Missing X server or $DISPLAY&#10;- [pid=10226][err] [10226:10226:0813/224216.728477:ERROR:env.cc(258)] The platform failed to initialize.  Exiting.&#10;" type="com.microsoft.playwright.impl.TargetClosedError">Error {
  message='Target page, context or browser has been closed
Browser logs:

╔════════════════════════════════════════════════════════════════════════════════════════════════╗
║ Looks like you launched a headed browser without having a XServer running.                     ║
║ Set either 'headless: true' or use 'xvfb-run &lt;your-playwright-app&gt;' before running Playwright. ║
║                                                                                                ║
║ &lt;3 Playwright Team                                                                             ║
╚════════════════════════════════════════════════════════════════════════════════════════════════╝
  name='TargetClosedError
  stack='TargetClosedError: Target page, context or browser has been closed
Browser logs:

╔════════════════════════════════════════════════════════════════════════════════════════════════╗
║ Looks like you launched a headed browser without having a XServer running.                     ║
║ Set either 'headless: true' or use 'xvfb-run &lt;your-playwright-app&gt;' before running Playwright. ║
║                                                                                                ║
║ &lt;3 Playwright Team                                                                             ║
╚════════════════════════════════════════════════════════════════════════════════════════════════╝
    at DispatcherConnection.dispatch (/tmp/playwright-java-16843758545578701289/package/lib/server/dispatchers/dispatcher.js:375:15)
}
Call log:
- &lt;launching&gt; /home/runner/.cache/ms-playwright/chromium-1140/chrome-linux/chrome --disable-field-trial-config --disable-background-networking --disable-background-timer-throttling --disable-backgrounding-occluded-windows --disable-back-forward-cache --disable-breakpad --disable-client-side-phishing-detection --disable-component-extensions-with-background-pages --disable-component-update --no-default-browser-check --disable-default-apps --disable-dev-shm-usage --disable-extensions --disable-features=ImprovedCookieControls,LazyFrameLoading,GlobalMediaControls,DestroyProfileOnBrowserClose,MediaRouter,DialMediaRouteProvider,AcceptCHFrame,AutoExpandDetailsElement,CertificateTransparencyComponentUpdater,AvoidUnnecessaryBeforeUnloadCheckSync,Translate,HttpsUpgrades,PaintHolding,ThirdPartyStoragePartitioning,LensOverlay,PlzDedicatedWorker --allow-pre-commit-input --disable-hang-monitor --disable-ipc-flooding-protection --disable-popup-blocking --disable-prompt-on-repost --disable-renderer-backgrounding --force-color-profile=srgb --metrics-recording-only --no-first-run --enable-automation --password-store=basic --use-mock-keychain --no-service-autorun --export-tagged-pdf --disable-search-engine-choice-screen --unsafely-disable-devtools-self-xss-warnings --no-sandbox --no-sandbox --disable-gpu --disable-extensions --user-data-dir=/tmp/playwright_chromiumdev_profile-2wl35R --remote-debugging-pipe --no-startup-window
- &lt;launched&gt; pid=10226
- [pid=10226][err] [10226:10226:0813/224216.728442:ERROR:ozone_platform_x11.cc(244)] Missing X server or $DISPLAY
- [pid=10226][err] [10226:10226:0813/224216.728477:ERROR:env.cc(258)] The platform failed to initialize.  Exiting.
</error><system-err>Error {
  message='Target page, context or browser has been closed
Browser logs:

╔════════════════════════════════════════════════════════════════════════════════════════════════╗
║ Looks like you launched a headed browser without having a XServer running.                     ║
║ Set either 'headless: true' or use 'xvfb-run &lt;your-playwright-app&gt;' before running Playwright. ║
║                                                                                                ║
║ &lt;3 Playwright Team                                                                             ║
╚════════════════════════════════════════════════════════════════════════════════════════════════╝
  name='TargetClosedError
  stack='TargetClosedError: Target page, context or browser has been closed
Browser logs:

╔════════════════════════════════════════════════════════════════════════════════════════════════╗
║ Looks like you launched a headed browser without having a XServer running.                     ║
║ Set either 'headless: true' or use 'xvfb-run &lt;your-playwright-app&gt;' before running Playwright. ║
║                                                                                                ║
║ &lt;3 Playwright Team                                                                             ║
╚════════════════════════════════════════════════════════════════════════════════════════════════╝
    at DispatcherConnection.dispatch (/tmp/playwright-java-16843758545578701289/package/lib/server/dispatchers/dispatcher.js:375:15)
}
Call log:
- &lt;launching&gt; /home/runner/.cache/ms-playwright/chromium-1140/chrome-linux/chrome --disable-field-trial-config --disable-background-networking --disable-background-timer-throttling --disable-backgrounding-occluded-windows --disable-back-forward-cache --disable-breakpad --disable-client-side-phishing-detection --disable-component-extensions-with-background-pages --disable-component-update --no-default-browser-check --disable-default-apps --disable-dev-shm-usage --disable-extensions --disable-features=ImprovedCookieControls,LazyFrameLoading,GlobalMediaControls,DestroyProfileOnBrowserClose,MediaRouter,DialMediaRouteProvider,AcceptCHFrame,AutoExpandDetailsElement,CertificateTransparencyComponentUpdater,AvoidUnnecessaryBeforeUnloadCheckSync,Translate,HttpsUpgrades,PaintHolding,ThirdPartyStoragePartitioning,LensOverlay,PlzDedicatedWorker --allow-pre-commit-input --disable-hang-monitor --disable-ipc-flooding-protection --disable-popup-blocking --disable-prompt-on-repost --disable-renderer-backgrounding --force-color-profile=srgb --metrics-recording-only --no-first-run --enable-automation --password-store=basic --use-mock-keychain --no-service-autorun --export-tagged-pdf --disable-search-engine-choice-screen --unsafely-disable-devtools-self-xss-warnings --no-sandbox --no-sandbox --disable-gpu --disable-extensions --user-data-dir=/tmp/playwright_chromiumdev_profile-2wl35R --remote-debugging-pipe --no-startup-window
- &lt;launched&gt; pid=10226
- [pid=10226][err] [10226:10226:0813/224216.728442:ERROR:ozone_platform_x11.cc(244)] Missing X server or $DISPLAY
- [pid=10226][err] [10226:10226:0813/224216.728477:ERROR:env.cc(258)] The platform failed to initialize.  Exiting.

com.microsoft.playwright.impl.Connection.dispatch(Connection.java:256)
com.microsoft.playwright.impl.Connection.processOneMessage(Connection.java:211)
com.microsoft.playwright.impl.ChannelOwner.runUntil(ChannelOwner.java:130)
com.microsoft.playwright.impl.Connection.sendMessage(Connection.java:130)
com.microsoft.playwright.impl.ChannelOwner.sendMessage(ChannelOwner.java:118)
com.microsoft.playwright.impl.BrowserTypeImpl.launchImpl(BrowserTypeImpl.java:51)
com.microsoft.playwright.impl.BrowserTypeImpl.lambda$launch$0(BrowserTypeImpl.java:43)
com.microsoft.playwright.impl.LoggingSupport.withLogging(LoggingSupport.java:47)
com.microsoft.playwright.impl.ChannelOwner.withLogging(ChannelOwner.java:97)
com.microsoft.playwright.impl.BrowserTypeImpl.launch(BrowserTypeImpl.java:43)
com.microsoft.playwright.impl.BrowserTypeImpl.launch(BrowserTypeImpl.java:36)
com.playwright.toolshop.cucumber.stepdefinitions.PlaywrightCucumberFixtures.lambda$static$1(PlaywrightCucumberFixtures.java:19)
com.playwright.toolshop.cucumber.stepdefinitions.PlaywrightCucumberFixtures.setUp(PlaywrightCucumberFixtures.java:32)
</system-err></testcase></testsuite>