<?xml version="1.0" encoding="UTF-8" standalone="no"?><testsuite errors="8" failures="0" name="Product Catalog" skipped="0" tests="8" time="3.86" timestamp="2026-08-13 02:46:40"><testcase name="Actor sorts product by Price"><error message="Error {&#10;  message='Target page, context or browser has been closed&#10;Browser logs:&#10;&#10;╔════════════════════════════════════════════════════════════════════════════════════════════════╗&#10;║ Looks like you launched a headed browser without having a XServer running.                     ║&#10;║ Set either 'headless: true' or use 'xvfb-run &lt;your-playwright-app&gt;' before running Playwright. ║&#10;║                                                                                                ║&#10;║ &lt;3 Playwright Team                                                                             ║&#10;╚════════════════════════════════════════════════════════════════════════════════════════════════╝&#10;  name='TargetClosedError&#10;  stack='TargetClosedError: Target page, context or browser has been closed&#10;Browser logs:&#10;&#10;╔════════════════════════════════════════════════════════════════════════════════════════════════╗&#10;║ Looks like you launched a headed browser without having a XServer running.                     ║&#10;║ Set either 'headless: true' or use 'xvfb-run &lt;your-playwright-app&gt;' before running Playwright. ║&#10;║                                                                                                ║&#10;║ &lt;3 Playwright Team                                                                             ║&#10;╚════════════════════════════════════════════════════════════════════════════════════════════════╝&#10;    at DispatcherConnection.dispatch (/tmp/playwright-java-3919802533838225271/package/lib/server/dispatchers/dispatcher.js:375:15)&#10;}&#10;Call log:&#10;- &lt;launching&gt; /home/runner/.cache/ms-playwright/chromium-1140/chrome-linux/chrome --disable-field-trial-config --disable-background-networking --disable-background-timer-throttling --disable-backgrounding-occluded-windows --disable-back-forward-cache --disable-breakpad --disable-client-side-phishing-detection --disable-component-extensions-with-background-pages --disable-component-update --no-default-browser-check --disable-default-apps --disable-dev-shm-usage --disable-extensions --disable-features=ImprovedCookieControls,LazyFrameLoading,GlobalMediaControls,DestroyProfileOnBrowserClose,MediaRouter,DialMediaRouteProvider,AcceptCHFrame,AutoExpandDetailsElement,CertificateTransparencyComponentUpdater,AvoidUnnecessaryBeforeUnloadCheckSync,Translate,HttpsUpgrades,PaintHolding,ThirdPartyStoragePartitioning,LensOverlay,PlzDedicatedWorker --allow-pre-commit-input --disable-hang-monitor --disable-ipc-flooding-protection --disable-popup-blocking --disable-prompt-on-repost --disable-renderer-backgrounding --force-color-profile=srgb --metrics-recording-only --no-first-run --enable-automation --password-store=basic --use-mock-keychain --no-service-autorun --export-tagged-pdf --disable-search-engine-choice-screen --unsafely-disable-devtools-self-xss-warnings --no-sandbox --no-sandbox --disable-gpu --disable-extensions --user-data-dir=/tmp/playwright_chromiumdev_profile-hqi3B0 --remote-debugging-pipe --no-startup-window&#10;- &lt;launched&gt; pid=8526&#10;- [pid=8526][err] [8526:8526:0813/144641.407946:ERROR:ozone_platform_x11.cc(244)] Missing X server or $DISPLAY&#10;- [pid=8526][err] [8526:8526:0813/144641.408006:ERROR:env.cc(258)] The platform failed to initialize.  Exiting.&#10;" type="com.microsoft.playwright.impl.TargetClosedError">Error {
  message='Target page, context or browser has been closed
Browser logs:

╔════════════════════════════════════════════════════════════════════════════════════════════════╗
║ Looks like you launched a headed browser without having a XServer running.                     ║
║ Set either 'headless: true' or use 'xvfb-run &lt;your-playwright-app&gt;' before running Playwright. ║
║                                                                                                ║
║ &lt;3 Playwright Team                                                                             ║
╚════════════════════════════════════════════════════════════════════════════════════════════════╝
  name='TargetClosedError
  stack='TargetClosedError: Target page, context or browser has been closed
Browser logs:

╔════════════════════════════════════════════════════════════════════════════════════════════════╗
║ Looks like you launched a headed browser without having a XServer running.                     ║
║ Set either 'headless: true' or use 'xvfb-run &lt;your-playwright-app&gt;' before running Playwright. ║
║                                                                                                ║
║ &lt;3 Playwright Team                                                                             ║
╚════════════════════════════════════════════════════════════════════════════════════════════════╝
    at DispatcherConnection.dispatch (/tmp/playwright-java-3919802533838225271/package/lib/server/dispatchers/dispatcher.js:375:15)
}
Call log:
- &lt;launching&gt; /home/runner/.cache/ms-playwright/chromium-1140/chrome-linux/chrome --disable-field-trial-config --disable-background-networking --disable-background-timer-throttling --disable-backgrounding-occluded-windows --disable-back-forward-cache --disable-breakpad --disable-client-side-phishing-detection --disable-component-extensions-with-background-pages --disable-component-update --no-default-browser-check --disable-default-apps --disable-dev-shm-usage --disable-extensions --disable-features=ImprovedCookieControls,LazyFrameLoading,GlobalMediaControls,DestroyProfileOnBrowserClose,MediaRouter,DialMediaRouteProvider,AcceptCHFrame,AutoExpandDetailsElement,CertificateTransparencyComponentUpdater,AvoidUnnecessaryBeforeUnloadCheckSync,Translate,HttpsUpgrades,PaintHolding,ThirdPartyStoragePartitioning,LensOverlay,PlzDedicatedWorker --allow-pre-commit-input --disable-hang-monitor --disable-ipc-flooding-protection --disable-popup-blocking --disable-prompt-on-repost --disable-renderer-backgrounding --force-color-profile=srgb --metrics-recording-only --no-first-run --enable-automation --password-store=basic --use-mock-keychain --no-service-autorun --export-tagged-pdf --disable-search-engine-choice-screen --unsafely-disable-devtools-self-xss-warnings --no-sandbox --no-sandbox --disable-gpu --disable-extensions --user-data-dir=/tmp/playwright_chromiumdev_profile-hqi3B0 --remote-debugging-pipe --no-startup-window
- &lt;launched&gt; pid=8526
- [pid=8526][err] [8526:8526:0813/144641.407946:ERROR:ozone_platform_x11.cc(244)] Missing X server or $DISPLAY
- [pid=8526][err] [8526:8526:0813/144641.408006:ERROR:env.cc(258)] The platform failed to initialize.  Exiting.
</error><system-err>Error {
  message='Target page, context or browser has been closed
Browser logs:

╔════════════════════════════════════════════════════════════════════════════════════════════════╗
║ Looks like you launched a headed browser without having a XServer running.                     ║
║ Set either 'headless: true' or use 'xvfb-run &lt;your-playwright-app&gt;' before running Playwright. ║
║                                                                                                ║
║ &lt;3 Playwright Team                                                                             ║
╚════════════════════════════════════════════════════════════════════════════════════════════════╝
  name='TargetClosedError
  stack='TargetClosedError: Target page, context or browser has been closed
Browser logs:

╔════════════════════════════════════════════════════════════════════════════════════════════════╗
║ Looks like you launched a headed browser without having a XServer running.                     ║
║ Set either 'headless: true' or use 'xvfb-run &lt;your-playwright-app&gt;' before running Playwright. ║
║                                                                                                ║
║ &lt;3 Playwright Team                                                                             ║
╚════════════════════════════════════════════════════════════════════════════════════════════════╝
    at DispatcherConnection.dispatch (/tmp/playwright-java-3919802533838225271/package/lib/server/dispatchers/dispatcher.js:375:15)
}
Call log:
- &lt;launching&gt; /home/runner/.cache/ms-playwright/chromium-1140/chrome-linux/chrome --disable-field-trial-config --disable-background-networking --disable-background-timer-throttling --disable-backgrounding-occluded-windows --disable-back-forward-cache --disable-breakpad --disable-client-side-phishing-detection --disable-component-extensions-with-background-pages --disable-component-update --no-default-browser-check --disable-default-apps --disable-dev-shm-usage --disable-extensions --disable-features=ImprovedCookieControls,LazyFrameLoading,GlobalMediaControls,DestroyProfileOnBrowserClose,MediaRouter,DialMediaRouteProvider,AcceptCHFrame,AutoExpandDetailsElement,CertificateTransparencyComponentUpdater,AvoidUnnecessaryBeforeUnloadCheckSync,Translate,HttpsUpgrades,PaintHolding,ThirdPartyStoragePartitioning,LensOverlay,PlzDedicatedWorker --allow-pre-commit-input --disable-hang-monitor --disable-ipc-flooding-protection --disable-popup-blocking --disable-prompt-on-repost --disable-renderer-backgrounding --force-color-profile=srgb --metrics-recording-only --no-first-run --enable-automation --password-store=basic --use-mock-keychain --no-service-autorun --export-tagged-pdf --disable-search-engine-choice-screen --unsafely-disable-devtools-self-xss-warnings --no-sandbox --no-sandbox --disable-gpu --disable-extensions --user-data-dir=/tmp/playwright_chromiumdev_profile-hqi3B0 --remote-debugging-pipe --no-startup-window
- &lt;launched&gt; pid=8526
- [pid=8526][err] [8526:8526:0813/144641.407946:ERROR:ozone_platform_x11.cc(244)] Missing X server or $DISPLAY
- [pid=8526][err] [8526:8526:0813/144641.408006:ERROR:env.cc(258)] The platform failed to initialize.  Exiting.

com.microsoft.playwright.impl.Connection.dispatch(Connection.java:256)
com.microsoft.playwright.impl.Connection.processOneMessage(Connection.java:211)
com.microsoft.playwright.impl.ChannelOwner.runUntil(ChannelOwner.java:130)
com.microsoft.playwright.impl.Connection.sendMessage(Connection.java:130)
com.microsoft.playwright.impl.ChannelOwner.sendMessage(ChannelOwner.java:118)
com.microsoft.playwright.impl.BrowserTypeImpl.launchImpl(BrowserTypeImpl.java:51)
com.microsoft.playwright.impl.BrowserTypeImpl.lambda$launch$0(BrowserTypeImpl.java:43)
com.microsoft.playwright.impl.LoggingSupport.withLogging(LoggingSupport.java:47)
com.microsoft.playwright.impl.ChannelOwner.withLogging(ChannelOwner.java:97)
com.microsoft.playwright.impl.BrowserTypeImpl.launch(BrowserTypeImpl.java:43)
com.microsoft.playwright.impl.BrowserTypeImpl.launch(BrowserTypeImpl.java:36)
com.playwright.toolshop.cucumber.stepdefinitions.PlaywrightCucumberFixtures.lambda$static$1(PlaywrightCucumberFixtures.java:19)
com.playwright.toolshop.cucumber.stepdefinitions.PlaywrightCucumberFixtures.setUp(PlaywrightCucumberFixtures.java:32)
</system-err></testcase><testcase name="Actor searches for product that doesn't exist"><error message="Error {&#10;  message='Target page, context or browser has been closed&#10;Browser logs:&#10;&#10;╔════════════════════════════════════════════════════════════════════════════════════════════════╗&#10;║ Looks like you launched a headed browser without having a XServer running.                     ║&#10;║ Set either 'headless: true' or use 'xvfb-run &lt;your-playwright-app&gt;' before running Playwright. ║&#10;║                                                                                                ║&#10;║ &lt;3 Playwright Team                                                                             ║&#10;╚════════════════════════════════════════════════════════════════════════════════════════════════╝&#10;  name='TargetClosedError&#10;  stack='TargetClosedError: Target page, context or browser has been closed&#10;Browser logs:&#10;&#10;╔════════════════════════════════════════════════════════════════════════════════════════════════╗&#10;║ Looks like you launched a headed browser without having a XServer running.                     ║&#10;║ Set either 'headless: true' or use 'xvfb-run &lt;your-playwright-app&gt;' before running Playwright. ║&#10;║                                                                                                ║&#10;║ &lt;3 Playwright Team                                                                             ║&#10;╚════════════════════════════════════════════════════════════════════════════════════════════════╝&#10;    at DispatcherConnection.dispatch (/tmp/playwright-java-3919802533838225271/package/lib/server/dispatchers/dispatcher.js:375:15)&#10;}&#10;Call log:&#10;- &lt;launching&gt; /home/runner/.cache/ms-playwright/chromium-1140/chrome-linux/chrome --disable-field-trial-config --disable-background-networking --disable-background-timer-throttling --disable-backgrounding-occluded-windows --disable-back-forward-cache --disable-breakpad --disable-client-side-phishing-detection --disable-component-extensions-with-background-pages --disable-component-update --no-default-browser-check --disable-default-apps --disable-dev-shm-usage --disable-extensions --disable-features=ImprovedCookieControls,LazyFrameLoading,GlobalMediaControls,DestroyProfileOnBrowserClose,MediaRouter,DialMediaRouteProvider,AcceptCHFrame,AutoExpandDetailsElement,CertificateTransparencyComponentUpdater,AvoidUnnecessaryBeforeUnloadCheckSync,Translate,HttpsUpgrades,PaintHolding,ThirdPartyStoragePartitioning,LensOverlay,PlzDedicatedWorker --allow-pre-commit-input --disable-hang-monitor --disable-ipc-flooding-protection --disable-popup-blocking --disable-prompt-on-repost --disable-renderer-backgrounding --force-color-profile=srgb --metrics-recording-only --no-first-run --enable-automation --password-store=basic --use-mock-keychain --no-service-autorun --export-tagged-pdf --disable-search-engine-choice-screen --unsafely-disable-devtools-self-xss-warnings --no-sandbox --no-sandbox --disable-gpu --disable-extensions --user-data-dir=/tmp/playwright_chromiumdev_profile-SyRC2x --remote-debugging-pipe --no-startup-window&#10;- &lt;launched&gt; pid=8473&#10;- [pid=8473][err] [8473:8473:0813/144641.153768:ERROR:ozone_platform_x11.cc(244)] Missing X server or $DISPLAY&#10;- [pid=8473][err] [8473:8473:0813/144641.153809:ERROR:env.cc(258)] The platform failed to initialize.  Exiting.&#10;" type="com.microsoft.playwright.impl.TargetClosedError">Error {
  message='Target page, context or browser has been closed
Browser logs:

╔════════════════════════════════════════════════════════════════════════════════════════════════╗
║ Looks like you launched a headed browser without having a XServer running.                     ║
║ Set either 'headless: true' or use 'xvfb-run &lt;your-playwright-app&gt;' before running Playwright. ║
║                                                                                                ║
║ &lt;3 Playwright Team                                                                             ║
╚════════════════════════════════════════════════════════════════════════════════════════════════╝
  name='TargetClosedError
  stack='TargetClosedError: Target page, context or browser has been closed
Browser logs:

╔════════════════════════════════════════════════════════════════════════════════════════════════╗
║ Looks like you launched a headed browser without having a XServer running.                     ║
║ Set either 'headless: true' or use 'xvfb-run &lt;your-playwright-app&gt;' before running Playwright. ║
║                                                                                                ║
║ &lt;3 Playwright Team                                                                             ║
╚════════════════════════════════════════════════════════════════════════════════════════════════╝
    at DispatcherConnection.dispatch (/tmp/playwright-java-3919802533838225271/package/lib/server/dispatchers/dispatcher.js:375:15)
}
Call log:
- &lt;launching&gt; /home/runner/.cache/ms-playwright/chromium-1140/chrome-linux/chrome --disable-field-trial-config --disable-background-networking --disable-background-timer-throttling --disable-backgrounding-occluded-windows --disable-back-forward-cache --disable-breakpad --disable-client-side-phishing-detection --disable-component-extensions-with-background-pages --disable-component-update --no-default-browser-check --disable-default-apps --disable-dev-shm-usage --disable-extensions --disable-features=ImprovedCookieControls,LazyFrameLoading,GlobalMediaControls,DestroyProfileOnBrowserClose,MediaRouter,DialMediaRouteProvider,AcceptCHFrame,AutoExpandDetailsElement,CertificateTransparencyComponentUpdater,AvoidUnnecessaryBeforeUnloadCheckSync,Translate,HttpsUpgrades,PaintHolding,ThirdPartyStoragePartitioning,LensOverlay,PlzDedicatedWorker --allow-pre-commit-input --disable-hang-monitor --disable-ipc-flooding-protection --disable-popup-blocking --disable-prompt-on-repost --disable-renderer-backgrounding --force-color-profile=srgb --metrics-recording-only --no-first-run --enable-automation --password-store=basic --use-mock-keychain --no-service-autorun --export-tagged-pdf --disable-search-engine-choice-screen --unsafely-disable-devtools-self-xss-warnings --no-sandbox --no-sandbox --disable-gpu --disable-extensions --user-data-dir=/tmp/playwright_chromiumdev_profile-SyRC2x --remote-debugging-pipe --no-startup-window
- &lt;launched&gt; pid=8473
- [pid=8473][err] [8473:8473:0813/144641.153768:ERROR:ozone_platform_x11.cc(244)] Missing X server or $DISPLAY
- [pid=8473][err] [8473:8473:0813/144641.153809:ERROR:env.cc(258)] The platform failed to initialize.  Exiting.
</error><system-err>Error {
  message='Target page, context or browser has been closed
Browser logs:

╔════════════════════════════════════════════════════════════════════════════════════════════════╗
║ Looks like you launched a headed browser without having a XServer running.                     ║
║ Set either 'headless: true' or use 'xvfb-run &lt;your-playwright-app&gt;' before running Playwright. ║
║                                                                                                ║
║ &lt;3 Playwright Team                                                                             ║
╚════════════════════════════════════════════════════════════════════════════════════════════════╝
  name='TargetClosedError
  stack='TargetClosedError: Target page, context or browser has been closed
Browser logs:

╔════════════════════════════════════════════════════════════════════════════════════════════════╗
║ Looks like you launched a headed browser without having a XServer running.                     ║
║ Set either 'headless: true' or use 'xvfb-run &lt;your-playwright-app&gt;' before running Playwright. ║
║                                                                                                ║
║ &lt;3 Playwright Team                                                                             ║
╚════════════════════════════════════════════════════════════════════════════════════════════════╝
    at DispatcherConnection.dispatch (/tmp/playwright-java-3919802533838225271/package/lib/server/dispatchers/dispatcher.js:375:15)
}
Call log:
- &lt;launching&gt; /home/runner/.cache/ms-playwright/chromium-1140/chrome-linux/chrome --disable-field-trial-config --disable-background-networking --disable-background-timer-throttling --disable-backgrounding-occluded-windows --disable-back-forward-cache --disable-breakpad --disable-client-side-phishing-detection --disable-component-extensions-with-background-pages --disable-component-update --no-default-browser-check --disable-default-apps --disable-dev-shm-usage --disable-extensions --disable-features=ImprovedCookieControls,LazyFrameLoading,GlobalMediaControls,DestroyProfileOnBrowserClose,MediaRouter,DialMediaRouteProvider,AcceptCHFrame,AutoExpandDetailsElement,CertificateTransparencyComponentUpdater,AvoidUnnecessaryBeforeUnloadCheckSync,Translate,HttpsUpgrades,PaintHolding,ThirdPartyStoragePartitioning,LensOverlay,PlzDedicatedWorker --allow-pre-commit-input --disable-hang-monitor --disable-ipc-flooding-protection --disable-popup-blocking --disable-prompt-on-repost --disable-renderer-backgrounding --force-color-profile=srgb --metrics-recording-only --no-first-run --enable-automation --password-store=basic --use-mock-keychain --no-service-autorun --export-tagged-pdf --disable-search-engine-choice-screen --unsafely-disable-devtools-self-xss-warnings --no-sandbox --no-sandbox --disable-gpu --disable-extensions --user-data-dir=/tmp/playwright_chromiumdev_profile-SyRC2x --remote-debugging-pipe --no-startup-window
- &lt;launched&gt; pid=8473
- [pid=8473][err] [8473:8473:0813/144641.153768:ERROR:ozone_platform_x11.cc(244)] Missing X server or $DISPLAY
- [pid=8473][err] [8473:8473:0813/144641.153809:ERROR:env.cc(258)] The platform failed to initialize.  Exiting.

com.microsoft.playwright.impl.Connection.dispatch(Connection.java:256)
com.microsoft.playwright.impl.Connection.processOneMessage(Connection.java:211)
com.microsoft.playwright.impl.ChannelOwner.runUntil(ChannelOwner.java:130)
com.microsoft.playwright.impl.Connection.sendMessage(Connection.java:130)
com.microsoft.playwright.impl.ChannelOwner.sendMessage(ChannelOwner.java:118)
com.microsoft.playwright.impl.BrowserTypeImpl.launchImpl(BrowserTypeImpl.java:51)
com.microsoft.playwright.impl.BrowserTypeImpl.lambda$launch$0(BrowserTypeImpl.java:43)
com.microsoft.playwright.impl.LoggingSupport.withLogging(LoggingSupport.java:47)
com.microsoft.playwright.impl.ChannelOwner.withLogging(ChannelOwner.java:97)
com.microsoft.playwright.impl.BrowserTypeImpl.launch(BrowserTypeImpl.java:43)
com.microsoft.playwright.impl.BrowserTypeImpl.launch(BrowserTypeImpl.java:36)
com.playwright.toolshop.cucumber.stepdefinitions.PlaywrightCucumberFixtures.lambda$static$1(PlaywrightCucumberFixtures.java:19)
com.playwright.toolshop.cucumber.stepdefinitions.PlaywrightCucumberFixtures.setUp(PlaywrightCucumberFixtures.java:32)
</system-err></testcase><testcase name="Actor searches for general term"><error message="Error {&#10;  message='Target page, context or browser has been closed&#10;Browser logs:&#10;&#10;╔════════════════════════════════════════════════════════════════════════════════════════════════╗&#10;║ Looks like you launched a headed browser without having a XServer running.                     ║&#10;║ Set either 'headless: true' or use 'xvfb-run &lt;your-playwright-app&gt;' before running Playwright. ║&#10;║                                                                                                ║&#10;║ &lt;3 Playwright Team                                                                             ║&#10;╚════════════════════════════════════════════════════════════════════════════════════════════════╝&#10;  name='TargetClosedError&#10;  stack='TargetClosedError: Target page, context or browser has been closed&#10;Browser logs:&#10;&#10;╔════════════════════════════════════════════════════════════════════════════════════════════════╗&#10;║ Looks like you launched a headed browser without having a XServer running.                     ║&#10;║ Set either 'headless: true' or use 'xvfb-run &lt;your-playwright-app&gt;' before running Playwright. ║&#10;║                                                                                                ║&#10;║ &lt;3 Playwright Team                                                                             ║&#10;╚════════════════════════════════════════════════════════════════════════════════════════════════╝&#10;    at DispatcherConnection.dispatch (/tmp/playwright-java-3919802533838225271/package/lib/server/dispatchers/dispatcher.js:375:15)&#10;}&#10;Call log:&#10;- &lt;launching&gt; /home/runner/.cache/ms-playwright/chromium-1140/chrome-linux/chrome --disable-field-trial-config --disable-background-networking --disable-background-timer-throttling --disable-backgrounding-occluded-windows --disable-back-forward-cache --disable-breakpad --disable-client-side-phishing-detection --disable-component-extensions-with-background-pages --disable-component-update --no-default-browser-check --disable-default-apps --disable-dev-shm-usage --disable-extensions --disable-features=ImprovedCookieControls,LazyFrameLoading,GlobalMediaControls,DestroyProfileOnBrowserClose,MediaRouter,DialMediaRouteProvider,AcceptCHFrame,AutoExpandDetailsElement,CertificateTransparencyComponentUpdater,AvoidUnnecessaryBeforeUnloadCheckSync,Translate,HttpsUpgrades,PaintHolding,ThirdPartyStoragePartitioning,LensOverlay,PlzDedicatedWorker --allow-pre-commit-input --disable-hang-monitor --disable-ipc-flooding-protection --disable-popup-blocking --disable-prompt-on-repost --disable-renderer-backgrounding --force-color-profile=srgb --metrics-recording-only --no-first-run --enable-automation --password-store=basic --use-mock-keychain --no-service-autorun --export-tagged-pdf --disable-search-engine-choice-screen --unsafely-disable-devtools-self-xss-warnings --no-sandbox --no-sandbox --disable-gpu --disable-extensions --user-data-dir=/tmp/playwright_chromiumdev_profile-VcFX3I --remote-debugging-pipe --no-startup-window&#10;- &lt;launched&gt; pid=8558&#10;- [pid=8558][err] [8558:8558:0813/144641.579104:ERROR:ozone_platform_x11.cc(244)] Missing X server or $DISPLAY&#10;- [pid=8558][err] [8558:8558:0813/144641.579142:ERROR:env.cc(258)] The platform failed to initialize.  Exiting.&#10;" type="com.microsoft.playwright.impl.TargetClosedError">Error {
  message='Target page, context or browser has been closed
Browser logs:

╔════════════════════════════════════════════════════════════════════════════════════════════════╗
║ Looks like you launched a headed browser without having a XServer running.                     ║
║ Set either 'headless: true' or use 'xvfb-run &lt;your-playwright-app&gt;' before running Playwright. ║
║                                                                                                ║
║ &lt;3 Playwright Team                                                                             ║
╚════════════════════════════════════════════════════════════════════════════════════════════════╝
  name='TargetClosedError
  stack='TargetClosedError: Target page, context or browser has been closed
Browser logs:

╔════════════════════════════════════════════════════════════════════════════════════════════════╗
║ Looks like you launched a headed browser without having a XServer running.                     ║
║ Set either 'headless: true' or use 'xvfb-run &lt;your-playwright-app&gt;' before running Playwright. ║
║                                                                                                ║
║ &lt;3 Playwright Team                                                                             ║
╚════════════════════════════════════════════════════════════════════════════════════════════════╝
    at DispatcherConnection.dispatch (/tmp/playwright-java-3919802533838225271/package/lib/server/dispatchers/dispatcher.js:375:15)
}
Call log:
- &lt;launching&gt; /home/runner/.cache/ms-playwright/chromium-1140/chrome-linux/chrome --disable-field-trial-config --disable-background-networking --disable-background-timer-throttling --disable-backgrounding-occluded-windows --disable-back-forward-cache --disable-breakpad --disable-client-side-phishing-detection --disable-component-extensions-with-background-pages --disable-component-update --no-default-browser-check --disable-default-apps --disable-dev-shm-usage --disable-extensions --disable-features=ImprovedCookieControls,LazyFrameLoading,GlobalMediaControls,DestroyProfileOnBrowserClose,MediaRouter,DialMediaRouteProvider,AcceptCHFrame,AutoExpandDetailsElement,CertificateTransparencyComponentUpdater,AvoidUnnecessaryBeforeUnloadCheckSync,Translate,HttpsUpgrades,PaintHolding,ThirdPartyStoragePartitioning,LensOverlay,PlzDedicatedWorker --allow-pre-commit-input --disable-hang-monitor --disable-ipc-flooding-protection --disable-popup-blocking --disable-prompt-on-repost --disable-renderer-backgrounding --force-color-profile=srgb --metrics-recording-only --no-first-run --enable-automation --password-store=basic --use-mock-keychain --no-service-autorun --export-tagged-pdf --disable-search-engine-choice-screen --unsafely-disable-devtools-self-xss-warnings --no-sandbox --no-sandbox --disable-gpu --disable-extensions --user-data-dir=/tmp/playwright_chromiumdev_profile-VcFX3I --remote-debugging-pipe --no-startup-window
- &lt;launched&gt; pid=8558
- [pid=8558][err] [8558:8558:0813/144641.579104:ERROR:ozone_platform_x11.cc(244)] Missing X server or $DISPLAY
- [pid=8558][err] [8558:8558:0813/144641.579142:ERROR:env.cc(258)] The platform failed to initialize.  Exiting.
</error><system-err>Error {
  message='Target page, context or browser has been closed
Browser logs:

╔════════════════════════════════════════════════════════════════════════════════════════════════╗
║ Looks like you launched a headed browser without having a XServer running.                     ║
║ Set either 'headless: true' or use 'xvfb-run &lt;your-playwright-app&gt;' before running Playwright. ║
║                                                                                                ║
║ &lt;3 Playwright Team                                                                             ║
╚════════════════════════════════════════════════════════════════════════════════════════════════╝
  name='TargetClosedError
  stack='TargetClosedError: Target page, context or browser has been closed
Browser logs:

╔════════════════════════════════════════════════════════════════════════════════════════════════╗
║ Looks like you launched a headed browser without having a XServer running.                     ║
║ Set either 'headless: true' or use 'xvfb-run &lt;your-playwright-app&gt;' before running Playwright. ║
║                                                                                                ║
║ &lt;3 Playwright Team                                                                             ║
╚════════════════════════════════════════════════════════════════════════════════════════════════╝
    at DispatcherConnection.dispatch (/tmp/playwright-java-3919802533838225271/package/lib/server/dispatchers/dispatcher.js:375:15)
}
Call log:
- &lt;launching&gt; /home/runner/.cache/ms-playwright/chromium-1140/chrome-linux/chrome --disable-field-trial-config --disable-background-networking --disable-background-timer-throttling --disable-backgrounding-occluded-windows --disable-back-forward-cache --disable-breakpad --disable-client-side-phishing-detection --disable-component-extensions-with-background-pages --disable-component-update --no-default-browser-check --disable-default-apps --disable-dev-shm-usage --disable-extensions --disable-features=ImprovedCookieControls,LazyFrameLoading,GlobalMediaControls,DestroyProfileOnBrowserClose,MediaRouter,DialMediaRouteProvider,AcceptCHFrame,AutoExpandDetailsElement,CertificateTransparencyComponentUpdater,AvoidUnnecessaryBeforeUnloadCheckSync,Translate,HttpsUpgrades,PaintHolding,ThirdPartyStoragePartitioning,LensOverlay,PlzDedicatedWorker --allow-pre-commit-input --disable-hang-monitor --disable-ipc-flooding-protection --disable-popup-blocking --disable-prompt-on-repost --disable-renderer-backgrounding --force-color-profile=srgb --metrics-recording-only --no-first-run --enable-automation --password-store=basic --use-mock-keychain --no-service-autorun --export-tagged-pdf --disable-search-engine-choice-screen --unsafely-disable-devtools-self-xss-warnings --no-sandbox --no-sandbox --disable-gpu --disable-extensions --user-data-dir=/tmp/playwright_chromiumdev_profile-VcFX3I --remote-debugging-pipe --no-startup-window
- &lt;launched&gt; pid=8558
- [pid=8558][err] [8558:8558:0813/144641.579104:ERROR:ozone_platform_x11.cc(244)] Missing X server or $DISPLAY
- [pid=8558][err] [8558:8558:0813/144641.579142:ERROR:env.cc(258)] The platform failed to initialize.  Exiting.

com.microsoft.playwright.impl.Connection.dispatch(Connection.java:256)
com.microsoft.playwright.impl.Connection.processOneMessage(Connection.java:211)
com.microsoft.playwright.impl.ChannelOwner.runUntil(ChannelOwner.java:130)
com.microsoft.playwright.impl.Connection.sendMessage(Connection.java:130)
com.microsoft.playwright.impl.ChannelOwner.sendMessage(ChannelOwner.java:118)
com.microsoft.playwright.impl.BrowserTypeImpl.launchImpl(BrowserTypeImpl.java:51)
com.microsoft.playwright.impl.BrowserTypeImpl.lambda$launch$0(BrowserTypeImpl.java:43)
com.microsoft.playwright.impl.LoggingSupport.withLogging(LoggingSupport.java:47)
com.microsoft.playwright.impl.ChannelOwner.withLogging(ChannelOwner.java:97)
com.microsoft.playwright.impl.BrowserTypeImpl.launch(BrowserTypeImpl.java:43)
com.microsoft.playwright.impl.BrowserTypeImpl.launch(BrowserTypeImpl.java:36)
com.playwright.toolshop.cucumber.stepdefinitions.PlaywrightCucumberFixtures.lambda$static$1(PlaywrightCucumberFixtures.java:19)
com.playwright.toolshop.cucumber.stepdefinitions.PlaywrightCucumberFixtures.setUp(PlaywrightCucumberFixtures.java:32)
</system-err></testcase><testcase name="Actor sorts product by Name"><error message="Error {&#10;  message='Target page, context or browser has been closed&#10;Browser logs:&#10;&#10;╔════════════════════════════════════════════════════════════════════════════════════════════════╗&#10;║ Looks like you launched a headed browser without having a XServer running.                     ║&#10;║ Set either 'headless: true' or use 'xvfb-run &lt;your-playwright-app&gt;' before running Playwright. ║&#10;║                                                                                                ║&#10;║ &lt;3 Playwright Team                                                                             ║&#10;╚════════════════════════════════════════════════════════════════════════════════════════════════╝&#10;  name='TargetClosedError&#10;  stack='TargetClosedError: Target page, context or browser has been closed&#10;Browser logs:&#10;&#10;╔════════════════════════════════════════════════════════════════════════════════════════════════╗&#10;║ Looks like you launched a headed browser without having a XServer running.                     ║&#10;║ Set either 'headless: true' or use 'xvfb-run &lt;your-playwright-app&gt;' before running Playwright. ║&#10;║                                                                                                ║&#10;║ &lt;3 Playwright Team                                                                             ║&#10;╚════════════════════════════════════════════════════════════════════════════════════════════════╝&#10;    at DispatcherConnection.dispatch (/tmp/playwright-java-3919802533838225271/package/lib/server/dispatchers/dispatcher.js:375:15)&#10;}&#10;Call log:&#10;- &lt;launching&gt; /home/runner/.cache/ms-playwright/chromium-1140/chrome-linux/chrome --disable-field-trial-config --disable-background-networking --disable-background-timer-throttling --disable-backgrounding-occluded-windows --disable-back-forward-cache --disable-breakpad --disable-client-side-phishing-detection --disable-component-extensions-with-background-pages --disable-component-update --no-default-browser-check --disable-default-apps --disable-dev-shm-usage --disable-extensions --disable-features=ImprovedCookieControls,LazyFrameLoading,GlobalMediaControls,DestroyProfileOnBrowserClose,MediaRouter,DialMediaRouteProvider,AcceptCHFrame,AutoExpandDetailsElement,CertificateTransparencyComponentUpdater,AvoidUnnecessaryBeforeUnloadCheckSync,Translate,HttpsUpgrades,PaintHolding,ThirdPartyStoragePartitioning,LensOverlay,PlzDedicatedWorker --allow-pre-commit-input --disable-hang-monitor --disable-ipc-flooding-protection --disable-popup-blocking --disable-prompt-on-repost --disable-renderer-backgrounding --force-color-profile=srgb --metrics-recording-only --no-first-run --enable-automation --password-store=basic --use-mock-keychain --no-service-autorun --export-tagged-pdf --disable-search-engine-choice-screen --unsafely-disable-devtools-self-xss-warnings --no-sandbox --no-sandbox --disable-gpu --disable-extensions --user-data-dir=/tmp/playwright_chromiumdev_profile-cA2ylh --remote-debugging-pipe --no-startup-window&#10;- &lt;launched&gt; pid=8674&#10;- [pid=8674][err] [8674:8674:0813/144642.015675:ERROR:ozone_platform_x11.cc(244)] Missing X server or $DISPLAY&#10;- [pid=8674][err] [8674:8674:0813/144642.015715:ERROR:env.cc(258)] The platform failed to initialize.  Exiting.&#10;" type="com.microsoft.playwright.impl.TargetClosedError">Error {
  message='Target page, context or browser has been closed
Browser logs:

╔════════════════════════════════════════════════════════════════════════════════════════════════╗
║ Looks like you launched a headed browser without having a XServer running.                     ║
║ Set either 'headless: true' or use 'xvfb-run &lt;your-playwright-app&gt;' before running Playwright. ║
║                                                                                                ║
║ &lt;3 Playwright Team                                                                             ║
╚════════════════════════════════════════════════════════════════════════════════════════════════╝
  name='TargetClosedError
  stack='TargetClosedError: Target page, context or browser has been closed
Browser logs:

╔════════════════════════════════════════════════════════════════════════════════════════════════╗
║ Looks like you launched a headed browser without having a XServer running.                     ║
║ Set either 'headless: true' or use 'xvfb-run &lt;your-playwright-app&gt;' before running Playwright. ║
║                                                                                                ║
║ &lt;3 Playwright Team                                                                             ║
╚════════════════════════════════════════════════════════════════════════════════════════════════╝
    at DispatcherConnection.dispatch (/tmp/playwright-java-3919802533838225271/package/lib/server/dispatchers/dispatcher.js:375:15)
}
Call log:
- &lt;launching&gt; /home/runner/.cache/ms-playwright/chromium-1140/chrome-linux/chrome --disable-field-trial-config --disable-background-networking --disable-background-timer-throttling --disable-backgrounding-occluded-windows --disable-back-forward-cache --disable-breakpad --disable-client-side-phishing-detection --disable-component-extensions-with-background-pages --disable-component-update --no-default-browser-check --disable-default-apps --disable-dev-shm-usage --disable-extensions --disable-features=ImprovedCookieControls,LazyFrameLoading,GlobalMediaControls,DestroyProfileOnBrowserClose,MediaRouter,DialMediaRouteProvider,AcceptCHFrame,AutoExpandDetailsElement,CertificateTransparencyComponentUpdater,AvoidUnnecessaryBeforeUnloadCheckSync,Translate,HttpsUpgrades,PaintHolding,ThirdPartyStoragePartitioning,LensOverlay,PlzDedicatedWorker --allow-pre-commit-input --disable-hang-monitor --disable-ipc-flooding-protection --disable-popup-blocking --disable-prompt-on-repost --disable-renderer-backgrounding --force-color-profile=srgb --metrics-recording-only --no-first-run --enable-automation --password-store=basic --use-mock-keychain --no-service-autorun --export-tagged-pdf --disable-search-engine-choice-screen --unsafely-disable-devtools-self-xss-warnings --no-sandbox --no-sandbox --disable-gpu --disable-extensions --user-data-dir=/tmp/playwright_chromiumdev_profile-cA2ylh --remote-debugging-pipe --no-startup-window
- &lt;launched&gt; pid=8674
- [pid=8674][err] [8674:8674:0813/144642.015675:ERROR:ozone_platform_x11.cc(244)] Missing X server or $DISPLAY
- [pid=8674][err] [8674:8674:0813/144642.015715:ERROR:env.cc(258)] The platform failed to initialize.  Exiting.
</error><system-err>Error {
  message='Target page, context or browser has been closed
Browser logs:

╔════════════════════════════════════════════════════════════════════════════════════════════════╗
║ Looks like you launched a headed browser without having a XServer running.                     ║
║ Set either 'headless: true' or use 'xvfb-run &lt;your-playwright-app&gt;' before running Playwright. ║
║                                                                                                ║
║ &lt;3 Playwright Team                                                                             ║
╚════════════════════════════════════════════════════════════════════════════════════════════════╝
  name='TargetClosedError
  stack='TargetClosedError: Target page, context or browser has been closed
Browser logs:

╔════════════════════════════════════════════════════════════════════════════════════════════════╗
║ Looks like you launched a headed browser without having a XServer running.                     ║
║ Set either 'headless: true' or use 'xvfb-run &lt;your-playwright-app&gt;' before running Playwright. ║
║                                                                                                ║
║ &lt;3 Playwright Team                                                                             ║
╚════════════════════════════════════════════════════════════════════════════════════════════════╝
    at DispatcherConnection.dispatch (/tmp/playwright-java-3919802533838225271/package/lib/server/dispatchers/dispatcher.js:375:15)
}
Call log:
- &lt;launching&gt; /home/runner/.cache/ms-playwright/chromium-1140/chrome-linux/chrome --disable-field-trial-config --disable-background-networking --disable-background-timer-throttling --disable-backgrounding-occluded-windows --disable-back-forward-cache --disable-breakpad --disable-client-side-phishing-detection --disable-component-extensions-with-background-pages --disable-component-update --no-default-browser-check --disable-default-apps --disable-dev-shm-usage --disable-extensions --disable-features=ImprovedCookieControls,LazyFrameLoading,GlobalMediaControls,DestroyProfileOnBrowserClose,MediaRouter,DialMediaRouteProvider,AcceptCHFrame,AutoExpandDetailsElement,CertificateTransparencyComponentUpdater,AvoidUnnecessaryBeforeUnloadCheckSync,Translate,HttpsUpgrades,PaintHolding,ThirdPartyStoragePartitioning,LensOverlay,PlzDedicatedWorker --allow-pre-commit-input --disable-hang-monitor --disable-ipc-flooding-protection --disable-popup-blocking --disable-prompt-on-repost --disable-renderer-backgrounding --force-color-profile=srgb --metrics-recording-only --no-first-run --enable-automation --password-store=basic --use-mock-keychain --no-service-autorun --export-tagged-pdf --disable-search-engine-choice-screen --unsafely-disable-devtools-self-xss-warnings --no-sandbox --no-sandbox --disable-gpu --disable-extensions --user-data-dir=/tmp/playwright_chromiumdev_profile-cA2ylh --remote-debugging-pipe --no-startup-window
- &lt;launched&gt; pid=8674
- [pid=8674][err] [8674:8674:0813/144642.015675:ERROR:ozone_platform_x11.cc(244)] Missing X server or $DISPLAY
- [pid=8674][err] [8674:8674:0813/144642.015715:ERROR:env.cc(258)] The platform failed to initialize.  Exiting.

com.microsoft.playwright.impl.Connection.dispatch(Connection.java:256)
com.microsoft.playwright.impl.Connection.processOneMessage(Connection.java:211)
com.microsoft.playwright.impl.ChannelOwner.runUntil(ChannelOwner.java:130)
com.microsoft.playwright.impl.Connection.sendMessage(Connection.java:130)
com.microsoft.playwright.impl.ChannelOwner.sendMessage(ChannelOwner.java:118)
com.microsoft.playwright.impl.BrowserTypeImpl.launchImpl(BrowserTypeImpl.java:51)
com.microsoft.playwright.impl.BrowserTypeImpl.lambda$launch$0(BrowserTypeImpl.java:43)
com.microsoft.playwright.impl.LoggingSupport.withLogging(LoggingSupport.java:47)
com.microsoft.playwright.impl.ChannelOwner.withLogging(ChannelOwner.java:97)
com.microsoft.playwright.impl.BrowserTypeImpl.launch(BrowserTypeImpl.java:43)
com.microsoft.playwright.impl.BrowserTypeImpl.launch(BrowserTypeImpl.java:36)
com.playwright.toolshop.cucumber.stepdefinitions.PlaywrightCucumberFixtures.lambda$static$1(PlaywrightCucumberFixtures.java:19)
com.playwright.toolshop.cucumber.stepdefinitions.PlaywrightCucumberFixtures.setUp(PlaywrightCucumberFixtures.java:32)
</system-err></testcase><testcase name="Actor searches for Combination Pliers"><error message="Error {&#10;  message='Target page, context or browser has been closed&#10;Browser logs:&#10;&#10;╔════════════════════════════════════════════════════════════════════════════════════════════════╗&#10;║ Looks like you launched a headed browser without having a XServer running.                     ║&#10;║ Set either 'headless: true' or use 'xvfb-run &lt;your-playwright-app&gt;' before running Playwright. ║&#10;║                                                                                                ║&#10;║ &lt;3 Playwright Team                                                                             ║&#10;╚════════════════════════════════════════════════════════════════════════════════════════════════╝&#10;  name='TargetClosedError&#10;  stack='TargetClosedError: Target page, context or browser has been closed&#10;Browser logs:&#10;&#10;╔════════════════════════════════════════════════════════════════════════════════════════════════╗&#10;║ Looks like you launched a headed browser without having a XServer running.                     ║&#10;║ Set either 'headless: true' or use 'xvfb-run &lt;your-playwright-app&gt;' before running Playwright. ║&#10;║                                                                                                ║&#10;║ &lt;3 Playwright Team                                                                             ║&#10;╚════════════════════════════════════════════════════════════════════════════════════════════════╝&#10;    at DispatcherConnection.dispatch (/tmp/playwright-java-3919802533838225271/package/lib/server/dispatchers/dispatcher.js:375:15)&#10;}&#10;Call log:&#10;- &lt;launching&gt; /home/runner/.cache/ms-playwright/chromium-1140/chrome-linux/chrome --disable-field-trial-config --disable-background-networking --disable-background-timer-throttling --disable-backgrounding-occluded-windows --disable-back-forward-cache --disable-breakpad --disable-client-side-phishing-detection --disable-component-extensions-with-background-pages --disable-component-update --no-default-browser-check --disable-default-apps --disable-dev-shm-usage --disable-extensions --disable-features=ImprovedCookieControls,LazyFrameLoading,GlobalMediaControls,DestroyProfileOnBrowserClose,MediaRouter,DialMediaRouteProvider,AcceptCHFrame,AutoExpandDetailsElement,CertificateTransparencyComponentUpdater,AvoidUnnecessaryBeforeUnloadCheckSync,Translate,HttpsUpgrades,PaintHolding,ThirdPartyStoragePartitioning,LensOverlay,PlzDedicatedWorker --allow-pre-commit-input --disable-hang-monitor --disable-ipc-flooding-protection --disable-popup-blocking --disable-prompt-on-repost --disable-renderer-backgrounding --force-color-profile=srgb --metrics-recording-only --no-first-run --enable-automation --password-store=basic --use-mock-keychain --no-service-autorun --export-tagged-pdf --disable-search-engine-choice-screen --unsafely-disable-devtools-self-xss-warnings --no-sandbox --no-sandbox --disable-gpu --disable-extensions --user-data-dir=/tmp/playwright_chromiumdev_profile-14xEJt --remote-debugging-pipe --no-startup-window&#10;- &lt;launched&gt; pid=8652&#10;- [pid=8652][err] [8652:8652:0813/144641.854403:ERROR:ozone_platform_x11.cc(244)] Missing X server or $DISPLAY&#10;- [pid=8652][err] [8652:8652:0813/144641.854445:ERROR:env.cc(258)] The platform failed to initialize.  Exiting.&#10;" type="com.microsoft.playwright.impl.TargetClosedError">Error {
  message='Target page, context or browser has been closed
Browser logs:

╔════════════════════════════════════════════════════════════════════════════════════════════════╗
║ Looks like you launched a headed browser without having a XServer running.                     ║
║ Set either 'headless: true' or use 'xvfb-run &lt;your-playwright-app&gt;' before running Playwright. ║
║                                                                                                ║
║ &lt;3 Playwright Team                                                                             ║
╚════════════════════════════════════════════════════════════════════════════════════════════════╝
  name='TargetClosedError
  stack='TargetClosedError: Target page, context or browser has been closed
Browser logs:

╔════════════════════════════════════════════════════════════════════════════════════════════════╗
║ Looks like you launched a headed browser without having a XServer running.                     ║
║ Set either 'headless: true' or use 'xvfb-run &lt;your-playwright-app&gt;' before running Playwright. ║
║                                                                                                ║
║ &lt;3 Playwright Team                                                                             ║
╚════════════════════════════════════════════════════════════════════════════════════════════════╝
    at DispatcherConnection.dispatch (/tmp/playwright-java-3919802533838225271/package/lib/server/dispatchers/dispatcher.js:375:15)
}
Call log:
- &lt;launching&gt; /home/runner/.cache/ms-playwright/chromium-1140/chrome-linux/chrome --disable-field-trial-config --disable-background-networking --disable-background-timer-throttling --disable-backgrounding-occluded-windows --disable-back-forward-cache --disable-breakpad --disable-client-side-phishing-detection --disable-component-extensions-with-background-pages --disable-component-update --no-default-browser-check --disable-default-apps --disable-dev-shm-usage --disable-extensions --disable-features=ImprovedCookieControls,LazyFrameLoading,GlobalMediaControls,DestroyProfileOnBrowserClose,MediaRouter,DialMediaRouteProvider,AcceptCHFrame,AutoExpandDetailsElement,CertificateTransparencyComponentUpdater,AvoidUnnecessaryBeforeUnloadCheckSync,Translate,HttpsUpgrades,PaintHolding,ThirdPartyStoragePartitioning,LensOverlay,PlzDedicatedWorker --allow-pre-commit-input --disable-hang-monitor --disable-ipc-flooding-protection --disable-popup-blocking --disable-prompt-on-repost --disable-renderer-backgrounding --force-color-profile=srgb --metrics-recording-only --no-first-run --enable-automation --password-store=basic --use-mock-keychain --no-service-autorun --export-tagged-pdf --disable-search-engine-choice-screen --unsafely-disable-devtools-self-xss-warnings --no-sandbox --no-sandbox --disable-gpu --disable-extensions --user-data-dir=/tmp/playwright_chromiumdev_profile-14xEJt --remote-debugging-pipe --no-startup-window
- &lt;launched&gt; pid=8652
- [pid=8652][err] [8652:8652:0813/144641.854403:ERROR:ozone_platform_x11.cc(244)] Missing X server or $DISPLAY
- [pid=8652][err] [8652:8652:0813/144641.854445:ERROR:env.cc(258)] The platform failed to initialize.  Exiting.
</error><system-err>Error {
  message='Target page, context or browser has been closed
Browser logs:

╔════════════════════════════════════════════════════════════════════════════════════════════════╗
║ Looks like you launched a headed browser without having a XServer running.                     ║
║ Set either 'headless: true' or use 'xvfb-run &lt;your-playwright-app&gt;' before running Playwright. ║
║                                                                                                ║
║ &lt;3 Playwright Team                                                                             ║
╚════════════════════════════════════════════════════════════════════════════════════════════════╝
  name='TargetClosedError
  stack='TargetClosedError: Target page, context or browser has been closed
Browser logs:

╔════════════════════════════════════════════════════════════════════════════════════════════════╗
║ Looks like you launched a headed browser without having a XServer running.                     ║
║ Set either 'headless: true' or use 'xvfb-run &lt;your-playwright-app&gt;' before running Playwright. ║
║                                                                                                ║
║ &lt;3 Playwright Team                                                                             ║
╚════════════════════════════════════════════════════════════════════════════════════════════════╝
    at DispatcherConnection.dispatch (/tmp/playwright-java-3919802533838225271/package/lib/server/dispatchers/dispatcher.js:375:15)
}
Call log:
- &lt;launching&gt; /home/runner/.cache/ms-playwright/chromium-1140/chrome-linux/chrome --disable-field-trial-config --disable-background-networking --disable-background-timer-throttling --disable-backgrounding-occluded-windows --disable-back-forward-cache --disable-breakpad --disable-client-side-phishing-detection --disable-component-extensions-with-background-pages --disable-component-update --no-default-browser-check --disable-default-apps --disable-dev-shm-usage --disable-extensions --disable-features=ImprovedCookieControls,LazyFrameLoading,GlobalMediaControls,DestroyProfileOnBrowserClose,MediaRouter,DialMediaRouteProvider,AcceptCHFrame,AutoExpandDetailsElement,CertificateTransparencyComponentUpdater,AvoidUnnecessaryBeforeUnloadCheckSync,Translate,HttpsUpgrades,PaintHolding,ThirdPartyStoragePartitioning,LensOverlay,PlzDedicatedWorker --allow-pre-commit-input --disable-hang-monitor --disable-ipc-flooding-protection --disable-popup-blocking --disable-prompt-on-repost --disable-renderer-backgrounding --force-color-profile=srgb --metrics-recording-only --no-first-run --enable-automation --password-store=basic --use-mock-keychain --no-service-autorun --export-tagged-pdf --disable-search-engine-choice-screen --unsafely-disable-devtools-self-xss-warnings --no-sandbox --no-sandbox --disable-gpu --disable-extensions --user-data-dir=/tmp/playwright_chromiumdev_profile-14xEJt --remote-debugging-pipe --no-startup-window
- &lt;launched&gt; pid=8652
- [pid=8652][err] [8652:8652:0813/144641.854403:ERROR:ozone_platform_x11.cc(244)] Missing X server or $DISPLAY
- [pid=8652][err] [8652:8652:0813/144641.854445:ERROR:env.cc(258)] The platform failed to initialize.  Exiting.

com.microsoft.playwright.impl.Connection.dispatch(Connection.java:256)
com.microsoft.playwright.impl.Connection.processOneMessage(Connection.java:211)
com.microsoft.playwright.impl.ChannelOwner.runUntil(ChannelOwner.java:130)
com.microsoft.playwright.impl.Connection.sendMessage(Connection.java:130)
com.microsoft.playwright.impl.ChannelOwner.sendMessage(ChannelOwner.java:118)
com.microsoft.playwright.impl.BrowserTypeImpl.launchImpl(BrowserTypeImpl.java:51)
com.microsoft.playwright.impl.BrowserTypeImpl.lambda$launch$0(BrowserTypeImpl.java:43)
com.microsoft.playwright.impl.LoggingSupport.withLogging(LoggingSupport.java:47)
com.microsoft.playwright.impl.ChannelOwner.withLogging(ChannelOwner.java:97)
com.microsoft.playwright.impl.BrowserTypeImpl.launch(BrowserTypeImpl.java:43)
com.microsoft.playwright.impl.BrowserTypeImpl.launch(BrowserTypeImpl.java:36)
com.playwright.toolshop.cucumber.stepdefinitions.PlaywrightCucumberFixtures.lambda$static$1(PlaywrightCucumberFixtures.java:19)
com.playwright.toolshop.cucumber.stepdefinitions.PlaywrightCucumberFixtures.setUp(PlaywrightCucumberFixtures.java:32)
</system-err></testcase><testcase name="Actor filters by Hand Tools category"><error message="Error {&#10;  message='Target page, context or browser has been closed&#10;Browser logs:&#10;&#10;╔════════════════════════════════════════════════════════════════════════════════════════════════╗&#10;║ Looks like you launched a headed browser without having a XServer running.                     ║&#10;║ Set either 'headless: true' or use 'xvfb-run &lt;your-playwright-app&gt;' before running Playwright. ║&#10;║                                                                                                ║&#10;║ &lt;3 Playwright Team                                                                             ║&#10;╚════════════════════════════════════════════════════════════════════════════════════════════════╝&#10;  name='TargetClosedError&#10;  stack='TargetClosedError: Target page, context or browser has been closed&#10;Browser logs:&#10;&#10;╔════════════════════════════════════════════════════════════════════════════════════════════════╗&#10;║ Looks like you launched a headed browser without having a XServer running.                     ║&#10;║ Set either 'headless: true' or use 'xvfb-run &lt;your-playwright-app&gt;' before running Playwright. ║&#10;║                                                                                                ║&#10;║ &lt;3 Playwright Team                                                                             ║&#10;╚════════════════════════════════════════════════════════════════════════════════════════════════╝&#10;    at DispatcherConnection.dispatch (/tmp/playwright-java-3919802533838225271/package/lib/server/dispatchers/dispatcher.js:375:15)&#10;}&#10;Call log:&#10;- &lt;launching&gt; /home/runner/.cache/ms-playwright/chromium-1140/chrome-linux/chrome --disable-field-trial-config --disable-background-networking --disable-background-timer-throttling --disable-backgrounding-occluded-windows --disable-back-forward-cache --disable-breakpad --disable-client-side-phishing-detection --disable-component-extensions-with-background-pages --disable-component-update --no-default-browser-check --disable-default-apps --disable-dev-shm-usage --disable-extensions --disable-features=ImprovedCookieControls,LazyFrameLoading,GlobalMediaControls,DestroyProfileOnBrowserClose,MediaRouter,DialMediaRouteProvider,AcceptCHFrame,AutoExpandDetailsElement,CertificateTransparencyComponentUpdater,AvoidUnnecessaryBeforeUnloadCheckSync,Translate,HttpsUpgrades,PaintHolding,ThirdPartyStoragePartitioning,LensOverlay,PlzDedicatedWorker --allow-pre-commit-input --disable-hang-monitor --disable-ipc-flooding-protection --disable-popup-blocking --disable-prompt-on-repost --disable-renderer-backgrounding --force-color-profile=srgb --metrics-recording-only --no-first-run --enable-automation --password-store=basic --use-mock-keychain --no-service-autorun --export-tagged-pdf --disable-search-engine-choice-screen --unsafely-disable-devtools-self-xss-warnings --no-sandbox --no-sandbox --disable-gpu --disable-extensions --user-data-dir=/tmp/playwright_chromiumdev_profile-mmPWcX --remote-debugging-pipe --no-startup-window&#10;- &lt;launched&gt; pid=8670&#10;- [pid=8670][err] [8670:8670:0813/144642.033204:ERROR:ozone_platform_x11.cc(244)] Missing X server or $DISPLAY&#10;- [pid=8670][err] [8670:8670:0813/144642.033244:ERROR:env.cc(258)] The platform failed to initialize.  Exiting.&#10;" type="com.microsoft.playwright.impl.TargetClosedError">Error {
  message='Target page, context or browser has been closed
Browser logs:

╔════════════════════════════════════════════════════════════════════════════════════════════════╗
║ Looks like you launched a headed browser without having a XServer running.                     ║
║ Set either 'headless: true' or use 'xvfb-run &lt;your-playwright-app&gt;' before running Playwright. ║
║                                                                                                ║
║ &lt;3 Playwright Team                                                                             ║
╚════════════════════════════════════════════════════════════════════════════════════════════════╝
  name='TargetClosedError
  stack='TargetClosedError: Target page, context or browser has been closed
Browser logs:

╔════════════════════════════════════════════════════════════════════════════════════════════════╗
║ Looks like you launched a headed browser without having a XServer running.                     ║
║ Set either 'headless: true' or use 'xvfb-run &lt;your-playwright-app&gt;' before running Playwright. ║
║                                                                                                ║
║ &lt;3 Playwright Team                                                                             ║
╚════════════════════════════════════════════════════════════════════════════════════════════════╝
    at DispatcherConnection.dispatch (/tmp/playwright-java-3919802533838225271/package/lib/server/dispatchers/dispatcher.js:375:15)
}
Call log:
- &lt;launching&gt; /home/runner/.cache/ms-playwright/chromium-1140/chrome-linux/chrome --disable-field-trial-config --disable-background-networking --disable-background-timer-throttling --disable-backgrounding-occluded-windows --disable-back-forward-cache --disable-breakpad --disable-client-side-phishing-detection --disable-component-extensions-with-background-pages --disable-component-update --no-default-browser-check --disable-default-apps --disable-dev-shm-usage --disable-extensions --disable-features=ImprovedCookieControls,LazyFrameLoading,GlobalMediaControls,DestroyProfileOnBrowserClose,MediaRouter,DialMediaRouteProvider,AcceptCHFrame,AutoExpandDetailsElement,CertificateTransparencyComponentUpdater,AvoidUnnecessaryBeforeUnloadCheckSync,Translate,HttpsUpgrades,PaintHolding,ThirdPartyStoragePartitioning,LensOverlay,PlzDedicatedWorker --allow-pre-commit-input --disable-hang-monitor --disable-ipc-flooding-protection --disable-popup-blocking --disable-prompt-on-repost --disable-renderer-backgrounding --force-color-profile=srgb --metrics-recording-only --no-first-run --enable-automation --password-store=basic --use-mock-keychain --no-service-autorun --export-tagged-pdf --disable-search-engine-choice-screen --unsafely-disable-devtools-self-xss-warnings --no-sandbox --no-sandbox --disable-gpu --disable-extensions --user-data-dir=/tmp/playwright_chromiumdev_profile-mmPWcX --remote-debugging-pipe --no-startup-window
- &lt;launched&gt; pid=8670
- [pid=8670][err] [8670:8670:0813/144642.033204:ERROR:ozone_platform_x11.cc(244)] Missing X server or $DISPLAY
- [pid=8670][err] [8670:8670:0813/144642.033244:ERROR:env.cc(258)] The platform failed to initialize.  Exiting.
</error><system-err>Error {
  message='Target page, context or browser has been closed
Browser logs:

╔════════════════════════════════════════════════════════════════════════════════════════════════╗
║ Looks like you launched a headed browser without having a XServer running.                     ║
║ Set either 'headless: true' or use 'xvfb-run &lt;your-playwright-app&gt;' before running Playwright. ║
║                                                                                                ║
║ &lt;3 Playwright Team                                                                             ║
╚════════════════════════════════════════════════════════════════════════════════════════════════╝
  name='TargetClosedError
  stack='TargetClosedError: Target page, context or browser has been closed
Browser logs:

╔════════════════════════════════════════════════════════════════════════════════════════════════╗
║ Looks like you launched a headed browser without having a XServer running.                     ║
║ Set either 'headless: true' or use 'xvfb-run &lt;your-playwright-app&gt;' before running Playwright. ║
║                                                                                                ║
║ &lt;3 Playwright Team                                                                             ║
╚════════════════════════════════════════════════════════════════════════════════════════════════╝
    at DispatcherConnection.dispatch (/tmp/playwright-java-3919802533838225271/package/lib/server/dispatchers/dispatcher.js:375:15)
}
Call log:
- &lt;launching&gt; /home/runner/.cache/ms-playwright/chromium-1140/chrome-linux/chrome --disable-field-trial-config --disable-background-networking --disable-background-timer-throttling --disable-backgrounding-occluded-windows --disable-back-forward-cache --disable-breakpad --disable-client-side-phishing-detection --disable-component-extensions-with-background-pages --disable-component-update --no-default-browser-check --disable-default-apps --disable-dev-shm-usage --disable-extensions --disable-features=ImprovedCookieControls,LazyFrameLoading,GlobalMediaControls,DestroyProfileOnBrowserClose,MediaRouter,DialMediaRouteProvider,AcceptCHFrame,AutoExpandDetailsElement,CertificateTransparencyComponentUpdater,AvoidUnnecessaryBeforeUnloadCheckSync,Translate,HttpsUpgrades,PaintHolding,ThirdPartyStoragePartitioning,LensOverlay,PlzDedicatedWorker --allow-pre-commit-input --disable-hang-monitor --disable-ipc-flooding-protection --disable-popup-blocking --disable-prompt-on-repost --disable-renderer-backgrounding --force-color-profile=srgb --metrics-recording-only --no-first-run --enable-automation --password-store=basic --use-mock-keychain --no-service-autorun --export-tagged-pdf --disable-search-engine-choice-screen --unsafely-disable-devtools-self-xss-warnings --no-sandbox --no-sandbox --disable-gpu --disable-extensions --user-data-dir=/tmp/playwright_chromiumdev_profile-mmPWcX --remote-debugging-pipe --no-startup-window
- &lt;launched&gt; pid=8670
- [pid=8670][err] [8670:8670:0813/144642.033204:ERROR:ozone_platform_x11.cc(244)] Missing X server or $DISPLAY
- [pid=8670][err] [8670:8670:0813/144642.033244:ERROR:env.cc(258)] The platform failed to initialize.  Exiting.

com.microsoft.playwright.impl.Connection.dispatch(Connection.java:256)
com.microsoft.playwright.impl.Connection.processOneMessage(Connection.java:211)
com.microsoft.playwright.impl.ChannelOwner.runUntil(ChannelOwner.java:130)
com.microsoft.playwright.impl.Connection.sendMessage(Connection.java:130)
com.microsoft.playwright.impl.ChannelOwner.sendMessage(ChannelOwner.java:118)
com.microsoft.playwright.impl.BrowserTypeImpl.launchImpl(BrowserTypeImpl.java:51)
com.microsoft.playwright.impl.BrowserTypeImpl.lambda$launch$0(BrowserTypeImpl.java:43)
com.microsoft.playwright.impl.LoggingSupport.withLogging(LoggingSupport.java:47)
com.microsoft.playwright.impl.ChannelOwner.withLogging(ChannelOwner.java:97)
com.microsoft.playwright.impl.BrowserTypeImpl.launch(BrowserTypeImpl.java:43)
com.microsoft.playwright.impl.BrowserTypeImpl.launch(BrowserTypeImpl.java:36)
com.playwright.toolshop.cucumber.stepdefinitions.PlaywrightCucumberFixtures.lambda$static$1(PlaywrightCucumberFixtures.java:19)
com.playwright.toolshop.cucumber.stepdefinitions.PlaywrightCucumberFixtures.setUp(PlaywrightCucumberFixtures.java:32)
</system-err></testcase></testsuite>