<?xml version="1.0" encoding="UTF-8" standalone="no"?><testsuite errors="7" failures="0" name="Shopping Cart" skipped="0" tests="7" time="3.01" timestamp="2026-08-14 10:44:15"><testcase name="Actor increases the quantity of a product in the cart"><error message="Error {&#10;  message='Target page, context or browser has been closed&#10;Browser logs:&#10;&#10;╔════════════════════════════════════════════════════════════════════════════════════════════════╗&#10;║ Looks like you launched a headed browser without having a XServer running.                     ║&#10;║ Set either 'headless: true' or use 'xvfb-run &lt;your-playwright-app&gt;' before running Playwright. ║&#10;║                                                                                                ║&#10;║ &lt;3 Playwright Team                                                                             ║&#10;╚════════════════════════════════════════════════════════════════════════════════════════════════╝&#10;  name='TargetClosedError&#10;  stack='TargetClosedError: Target page, context or browser has been closed&#10;Browser logs:&#10;&#10;╔════════════════════════════════════════════════════════════════════════════════════════════════╗&#10;║ Looks like you launched a headed browser without having a XServer running.                     ║&#10;║ Set either 'headless: true' or use 'xvfb-run &lt;your-playwright-app&gt;' before running Playwright. ║&#10;║                                                                                                ║&#10;║ &lt;3 Playwright Team                                                                             ║&#10;╚════════════════════════════════════════════════════════════════════════════════════════════════╝&#10;    at DispatcherConnection.dispatch (/tmp/playwright-java-8270216628335687174/package/lib/server/dispatchers/dispatcher.js:375:15)&#10;}&#10;Call log:&#10;- &lt;launching&gt; /home/runner/.cache/ms-playwright/chromium-1140/chrome-linux/chrome --disable-field-trial-config --disable-background-networking --disable-background-timer-throttling --disable-backgrounding-occluded-windows --disable-back-forward-cache --disable-breakpad --disable-client-side-phishing-detection --disable-component-extensions-with-background-pages --disable-component-update --no-default-browser-check --disable-default-apps --disable-dev-shm-usage --disable-extensions --disable-features=ImprovedCookieControls,LazyFrameLoading,GlobalMediaControls,DestroyProfileOnBrowserClose,MediaRouter,DialMediaRouteProvider,AcceptCHFrame,AutoExpandDetailsElement,CertificateTransparencyComponentUpdater,AvoidUnnecessaryBeforeUnloadCheckSync,Translate,HttpsUpgrades,PaintHolding,ThirdPartyStoragePartitioning,LensOverlay,PlzDedicatedWorker --allow-pre-commit-input --disable-hang-monitor --disable-ipc-flooding-protection --disable-popup-blocking --disable-prompt-on-repost --disable-renderer-backgrounding --force-color-profile=srgb --metrics-recording-only --no-first-run --enable-automation --password-store=basic --use-mock-keychain --no-service-autorun --export-tagged-pdf --disable-search-engine-choice-screen --unsafely-disable-devtools-self-xss-warnings --no-sandbox --no-sandbox --disable-gpu --disable-extensions --user-data-dir=/tmp/playwright_chromiumdev_profile-f3UFtA --remote-debugging-pipe --no-startup-window&#10;- &lt;launched&gt; pid=8507&#10;- [pid=8507][err] [8507:8507:0814/104416.095757:ERROR:ozone_platform_x11.cc(244)] Missing X server or $DISPLAY&#10;- [pid=8507][err] [8507:8507:0814/104416.095810:ERROR:env.cc(258)] The platform failed to initialize.  Exiting.&#10;" type="com.microsoft.playwright.impl.TargetClosedError">Error {
  message='Target page, context or browser has been closed
Browser logs:

╔════════════════════════════════════════════════════════════════════════════════════════════════╗
║ Looks like you launched a headed browser without having a XServer running.                     ║
║ Set either 'headless: true' or use 'xvfb-run &lt;your-playwright-app&gt;' before running Playwright. ║
║                                                                                                ║
║ &lt;3 Playwright Team                                                                             ║
╚════════════════════════════════════════════════════════════════════════════════════════════════╝
  name='TargetClosedError
  stack='TargetClosedError: Target page, context or browser has been closed
Browser logs:

╔════════════════════════════════════════════════════════════════════════════════════════════════╗
║ Looks like you launched a headed browser without having a XServer running.                     ║
║ Set either 'headless: true' or use 'xvfb-run &lt;your-playwright-app&gt;' before running Playwright. ║
║                                                                                                ║
║ &lt;3 Playwright Team                                                                             ║
╚════════════════════════════════════════════════════════════════════════════════════════════════╝
    at DispatcherConnection.dispatch (/tmp/playwright-java-8270216628335687174/package/lib/server/dispatchers/dispatcher.js:375:15)
}
Call log:
- &lt;launching&gt; /home/runner/.cache/ms-playwright/chromium-1140/chrome-linux/chrome --disable-field-trial-config --disable-background-networking --disable-background-timer-throttling --disable-backgrounding-occluded-windows --disable-back-forward-cache --disable-breakpad --disable-client-side-phishing-detection --disable-component-extensions-with-background-pages --disable-component-update --no-default-browser-check --disable-default-apps --disable-dev-shm-usage --disable-extensions --disable-features=ImprovedCookieControls,LazyFrameLoading,GlobalMediaControls,DestroyProfileOnBrowserClose,MediaRouter,DialMediaRouteProvider,AcceptCHFrame,AutoExpandDetailsElement,CertificateTransparencyComponentUpdater,AvoidUnnecessaryBeforeUnloadCheckSync,Translate,HttpsUpgrades,PaintHolding,ThirdPartyStoragePartitioning,LensOverlay,PlzDedicatedWorker --allow-pre-commit-input --disable-hang-monitor --disable-ipc-flooding-protection --disable-popup-blocking --disable-prompt-on-repost --disable-renderer-backgrounding --force-color-profile=srgb --metrics-recording-only --no-first-run --enable-automation --password-store=basic --use-mock-keychain --no-service-autorun --export-tagged-pdf --disable-search-engine-choice-screen --unsafely-disable-devtools-self-xss-warnings --no-sandbox --no-sandbox --disable-gpu --disable-extensions --user-data-dir=/tmp/playwright_chromiumdev_profile-f3UFtA --remote-debugging-pipe --no-startup-window
- &lt;launched&gt; pid=8507
- [pid=8507][err] [8507:8507:0814/104416.095757:ERROR:ozone_platform_x11.cc(244)] Missing X server or $DISPLAY
- [pid=8507][err] [8507:8507:0814/104416.095810:ERROR:env.cc(258)] The platform failed to initialize.  Exiting.
</error><system-err>Error {
  message='Target page, context or browser has been closed
Browser logs:

╔════════════════════════════════════════════════════════════════════════════════════════════════╗
║ Looks like you launched a headed browser without having a XServer running.                     ║
║ Set either 'headless: true' or use 'xvfb-run &lt;your-playwright-app&gt;' before running Playwright. ║
║                                                                                                ║
║ &lt;3 Playwright Team                                                                             ║
╚════════════════════════════════════════════════════════════════════════════════════════════════╝
  name='TargetClosedError
  stack='TargetClosedError: Target page, context or browser has been closed
Browser logs:

╔════════════════════════════════════════════════════════════════════════════════════════════════╗
║ Looks like you launched a headed browser without having a XServer running.                     ║
║ Set either 'headless: true' or use 'xvfb-run &lt;your-playwright-app&gt;' before running Playwright. ║
║                                                                                                ║
║ &lt;3 Playwright Team                                                                             ║
╚════════════════════════════════════════════════════════════════════════════════════════════════╝
    at DispatcherConnection.dispatch (/tmp/playwright-java-8270216628335687174/package/lib/server/dispatchers/dispatcher.js:375:15)
}
Call log:
- &lt;launching&gt; /home/runner/.cache/ms-playwright/chromium-1140/chrome-linux/chrome --disable-field-trial-config --disable-background-networking --disable-background-timer-throttling --disable-backgrounding-occluded-windows --disable-back-forward-cache --disable-breakpad --disable-client-side-phishing-detection --disable-component-extensions-with-background-pages --disable-component-update --no-default-browser-check --disable-default-apps --disable-dev-shm-usage --disable-extensions --disable-features=ImprovedCookieControls,LazyFrameLoading,GlobalMediaControls,DestroyProfileOnBrowserClose,MediaRouter,DialMediaRouteProvider,AcceptCHFrame,AutoExpandDetailsElement,CertificateTransparencyComponentUpdater,AvoidUnnecessaryBeforeUnloadCheckSync,Translate,HttpsUpgrades,PaintHolding,ThirdPartyStoragePartitioning,LensOverlay,PlzDedicatedWorker --allow-pre-commit-input --disable-hang-monitor --disable-ipc-flooding-protection --disable-popup-blocking --disable-prompt-on-repost --disable-renderer-backgrounding --force-color-profile=srgb --metrics-recording-only --no-first-run --enable-automation --password-store=basic --use-mock-keychain --no-service-autorun --export-tagged-pdf --disable-search-engine-choice-screen --unsafely-disable-devtools-self-xss-warnings --no-sandbox --no-sandbox --disable-gpu --disable-extensions --user-data-dir=/tmp/playwright_chromiumdev_profile-f3UFtA --remote-debugging-pipe --no-startup-window
- &lt;launched&gt; pid=8507
- [pid=8507][err] [8507:8507:0814/104416.095757:ERROR:ozone_platform_x11.cc(244)] Missing X server or $DISPLAY
- [pid=8507][err] [8507:8507:0814/104416.095810:ERROR:env.cc(258)] The platform failed to initialize.  Exiting.

com.microsoft.playwright.impl.Connection.dispatch(Connection.java:256)
com.microsoft.playwright.impl.Connection.processOneMessage(Connection.java:211)
com.microsoft.playwright.impl.ChannelOwner.runUntil(ChannelOwner.java:130)
com.microsoft.playwright.impl.Connection.sendMessage(Connection.java:130)
com.microsoft.playwright.impl.ChannelOwner.sendMessage(ChannelOwner.java:118)
com.microsoft.playwright.impl.BrowserTypeImpl.launchImpl(BrowserTypeImpl.java:51)
com.microsoft.playwright.impl.BrowserTypeImpl.lambda$launch$0(BrowserTypeImpl.java:43)
com.microsoft.playwright.impl.LoggingSupport.withLogging(LoggingSupport.java:47)
com.microsoft.playwright.impl.ChannelOwner.withLogging(ChannelOwner.java:97)
com.microsoft.playwright.impl.BrowserTypeImpl.launch(BrowserTypeImpl.java:43)
com.microsoft.playwright.impl.BrowserTypeImpl.launch(BrowserTypeImpl.java:36)
com.playwright.toolshop.cucumber.stepdefinitions.PlaywrightCucumberFixtures.lambda$static$1(PlaywrightCucumberFixtures.java:19)
com.playwright.toolshop.cucumber.stepdefinitions.PlaywrightCucumberFixtures.setUp(PlaywrightCucumberFixtures.java:32)
</system-err></testcase><testcase name="Actor proceeds to checkout as a guest"><error message="Error {&#10;  message='Target page, context or browser has been closed&#10;Browser logs:&#10;&#10;╔════════════════════════════════════════════════════════════════════════════════════════════════╗&#10;║ Looks like you launched a headed browser without having a XServer running.                     ║&#10;║ Set either 'headless: true' or use 'xvfb-run &lt;your-playwright-app&gt;' before running Playwright. ║&#10;║                                                                                                ║&#10;║ &lt;3 Playwright Team                                                                             ║&#10;╚════════════════════════════════════════════════════════════════════════════════════════════════╝&#10;  name='TargetClosedError&#10;  stack='TargetClosedError: Target page, context or browser has been closed&#10;Browser logs:&#10;&#10;╔════════════════════════════════════════════════════════════════════════════════════════════════╗&#10;║ Looks like you launched a headed browser without having a XServer running.                     ║&#10;║ Set either 'headless: true' or use 'xvfb-run &lt;your-playwright-app&gt;' before running Playwright. ║&#10;║                                                                                                ║&#10;║ &lt;3 Playwright Team                                                                             ║&#10;╚════════════════════════════════════════════════════════════════════════════════════════════════╝&#10;    at DispatcherConnection.dispatch (/tmp/playwright-java-8270216628335687174/package/lib/server/dispatchers/dispatcher.js:375:15)&#10;}&#10;Call log:&#10;- &lt;launching&gt; /home/runner/.cache/ms-playwright/chromium-1140/chrome-linux/chrome --disable-field-trial-config --disable-background-networking --disable-background-timer-throttling --disable-backgrounding-occluded-windows --disable-back-forward-cache --disable-breakpad --disable-client-side-phishing-detection --disable-component-extensions-with-background-pages --disable-component-update --no-default-browser-check --disable-default-apps --disable-dev-shm-usage --disable-extensions --disable-features=ImprovedCookieControls,LazyFrameLoading,GlobalMediaControls,DestroyProfileOnBrowserClose,MediaRouter,DialMediaRouteProvider,AcceptCHFrame,AutoExpandDetailsElement,CertificateTransparencyComponentUpdater,AvoidUnnecessaryBeforeUnloadCheckSync,Translate,HttpsUpgrades,PaintHolding,ThirdPartyStoragePartitioning,LensOverlay,PlzDedicatedWorker --allow-pre-commit-input --disable-hang-monitor --disable-ipc-flooding-protection --disable-popup-blocking --disable-prompt-on-repost --disable-renderer-backgrounding --force-color-profile=srgb --metrics-recording-only --no-first-run --enable-automation --password-store=basic --use-mock-keychain --no-service-autorun --export-tagged-pdf --disable-search-engine-choice-screen --unsafely-disable-devtools-self-xss-warnings --no-sandbox --no-sandbox --disable-gpu --disable-extensions --user-data-dir=/tmp/playwright_chromiumdev_profile-LoQgzo --remote-debugging-pipe --no-startup-window&#10;- &lt;launched&gt; pid=8509&#10;- [pid=8509][err] [8509:8509:0814/104416.100424:ERROR:ozone_platform_x11.cc(244)] Missing X server or $DISPLAY&#10;- [pid=8509][err] [8509:8509:0814/104416.100457:ERROR:env.cc(258)] The platform failed to initialize.  Exiting.&#10;" type="com.microsoft.playwright.impl.TargetClosedError">Error {
  message='Target page, context or browser has been closed
Browser logs:

╔════════════════════════════════════════════════════════════════════════════════════════════════╗
║ Looks like you launched a headed browser without having a XServer running.                     ║
║ Set either 'headless: true' or use 'xvfb-run &lt;your-playwright-app&gt;' before running Playwright. ║
║                                                                                                ║
║ &lt;3 Playwright Team                                                                             ║
╚════════════════════════════════════════════════════════════════════════════════════════════════╝
  name='TargetClosedError
  stack='TargetClosedError: Target page, context or browser has been closed
Browser logs:

╔════════════════════════════════════════════════════════════════════════════════════════════════╗
║ Looks like you launched a headed browser without having a XServer running.                     ║
║ Set either 'headless: true' or use 'xvfb-run &lt;your-playwright-app&gt;' before running Playwright. ║
║                                                                                                ║
║ &lt;3 Playwright Team                                                                             ║
╚════════════════════════════════════════════════════════════════════════════════════════════════╝
    at DispatcherConnection.dispatch (/tmp/playwright-java-8270216628335687174/package/lib/server/dispatchers/dispatcher.js:375:15)
}
Call log:
- &lt;launching&gt; /home/runner/.cache/ms-playwright/chromium-1140/chrome-linux/chrome --disable-field-trial-config --disable-background-networking --disable-background-timer-throttling --disable-backgrounding-occluded-windows --disable-back-forward-cache --disable-breakpad --disable-client-side-phishing-detection --disable-component-extensions-with-background-pages --disable-component-update --no-default-browser-check --disable-default-apps --disable-dev-shm-usage --disable-extensions --disable-features=ImprovedCookieControls,LazyFrameLoading,GlobalMediaControls,DestroyProfileOnBrowserClose,MediaRouter,DialMediaRouteProvider,AcceptCHFrame,AutoExpandDetailsElement,CertificateTransparencyComponentUpdater,AvoidUnnecessaryBeforeUnloadCheckSync,Translate,HttpsUpgrades,PaintHolding,ThirdPartyStoragePartitioning,LensOverlay,PlzDedicatedWorker --allow-pre-commit-input --disable-hang-monitor --disable-ipc-flooding-protection --disable-popup-blocking --disable-prompt-on-repost --disable-renderer-backgrounding --force-color-profile=srgb --metrics-recording-only --no-first-run --enable-automation --password-store=basic --use-mock-keychain --no-service-autorun --export-tagged-pdf --disable-search-engine-choice-screen --unsafely-disable-devtools-self-xss-warnings --no-sandbox --no-sandbox --disable-gpu --disable-extensions --user-data-dir=/tmp/playwright_chromiumdev_profile-LoQgzo --remote-debugging-pipe --no-startup-window
- &lt;launched&gt; pid=8509
- [pid=8509][err] [8509:8509:0814/104416.100424:ERROR:ozone_platform_x11.cc(244)] Missing X server or $DISPLAY
- [pid=8509][err] [8509:8509:0814/104416.100457:ERROR:env.cc(258)] The platform failed to initialize.  Exiting.
</error><system-err>Error {
  message='Target page, context or browser has been closed
Browser logs:

╔════════════════════════════════════════════════════════════════════════════════════════════════╗
║ Looks like you launched a headed browser without having a XServer running.                     ║
║ Set either 'headless: true' or use 'xvfb-run &lt;your-playwright-app&gt;' before running Playwright. ║
║                                                                                                ║
║ &lt;3 Playwright Team                                                                             ║
╚════════════════════════════════════════════════════════════════════════════════════════════════╝
  name='TargetClosedError
  stack='TargetClosedError: Target page, context or browser has been closed
Browser logs:

╔════════════════════════════════════════════════════════════════════════════════════════════════╗
║ Looks like you launched a headed browser without having a XServer running.                     ║
║ Set either 'headless: true' or use 'xvfb-run &lt;your-playwright-app&gt;' before running Playwright. ║
║                                                                                                ║
║ &lt;3 Playwright Team                                                                             ║
╚════════════════════════════════════════════════════════════════════════════════════════════════╝
    at DispatcherConnection.dispatch (/tmp/playwright-java-8270216628335687174/package/lib/server/dispatchers/dispatcher.js:375:15)
}
Call log:
- &lt;launching&gt; /home/runner/.cache/ms-playwright/chromium-1140/chrome-linux/chrome --disable-field-trial-config --disable-background-networking --disable-background-timer-throttling --disable-backgrounding-occluded-windows --disable-back-forward-cache --disable-breakpad --disable-client-side-phishing-detection --disable-component-extensions-with-background-pages --disable-component-update --no-default-browser-check --disable-default-apps --disable-dev-shm-usage --disable-extensions --disable-features=ImprovedCookieControls,LazyFrameLoading,GlobalMediaControls,DestroyProfileOnBrowserClose,MediaRouter,DialMediaRouteProvider,AcceptCHFrame,AutoExpandDetailsElement,CertificateTransparencyComponentUpdater,AvoidUnnecessaryBeforeUnloadCheckSync,Translate,HttpsUpgrades,PaintHolding,ThirdPartyStoragePartitioning,LensOverlay,PlzDedicatedWorker --allow-pre-commit-input --disable-hang-monitor --disable-ipc-flooding-protection --disable-popup-blocking --disable-prompt-on-repost --disable-renderer-backgrounding --force-color-profile=srgb --metrics-recording-only --no-first-run --enable-automation --password-store=basic --use-mock-keychain --no-service-autorun --export-tagged-pdf --disable-search-engine-choice-screen --unsafely-disable-devtools-self-xss-warnings --no-sandbox --no-sandbox --disable-gpu --disable-extensions --user-data-dir=/tmp/playwright_chromiumdev_profile-LoQgzo --remote-debugging-pipe --no-startup-window
- &lt;launched&gt; pid=8509
- [pid=8509][err] [8509:8509:0814/104416.100424:ERROR:ozone_platform_x11.cc(244)] Missing X server or $DISPLAY
- [pid=8509][err] [8509:8509:0814/104416.100457:ERROR:env.cc(258)] The platform failed to initialize.  Exiting.

com.microsoft.playwright.impl.Connection.dispatch(Connection.java:256)
com.microsoft.playwright.impl.Connection.processOneMessage(Connection.java:211)
com.microsoft.playwright.impl.ChannelOwner.runUntil(ChannelOwner.java:130)
com.microsoft.playwright.impl.Connection.sendMessage(Connection.java:130)
com.microsoft.playwright.impl.ChannelOwner.sendMessage(ChannelOwner.java:118)
com.microsoft.playwright.impl.BrowserTypeImpl.launchImpl(BrowserTypeImpl.java:51)
com.microsoft.playwright.impl.BrowserTypeImpl.lambda$launch$0(BrowserTypeImpl.java:43)
com.microsoft.playwright.impl.LoggingSupport.withLogging(LoggingSupport.java:47)
com.microsoft.playwright.impl.ChannelOwner.withLogging(ChannelOwner.java:97)
com.microsoft.playwright.impl.BrowserTypeImpl.launch(BrowserTypeImpl.java:43)
com.microsoft.playwright.impl.BrowserTypeImpl.launch(BrowserTypeImpl.java:36)
com.playwright.toolshop.cucumber.stepdefinitions.PlaywrightCucumberFixtures.lambda$static$1(PlaywrightCucumberFixtures.java:19)
com.playwright.toolshop.cucumber.stepdefinitions.PlaywrightCucumberFixtures.setUp(PlaywrightCucumberFixtures.java:32)
</system-err></testcase><testcase name="Actor adds multiple different products to the cart"><error message="Error {&#10;  message='Target page, context or browser has been closed&#10;Browser logs:&#10;&#10;╔════════════════════════════════════════════════════════════════════════════════════════════════╗&#10;║ Looks like you launched a headed browser without having a XServer running.                     ║&#10;║ Set either 'headless: true' or use 'xvfb-run &lt;your-playwright-app&gt;' before running Playwright. ║&#10;║                                                                                                ║&#10;║ &lt;3 Playwright Team                                                                             ║&#10;╚════════════════════════════════════════════════════════════════════════════════════════════════╝&#10;  name='TargetClosedError&#10;  stack='TargetClosedError: Target page, context or browser has been closed&#10;Browser logs:&#10;&#10;╔════════════════════════════════════════════════════════════════════════════════════════════════╗&#10;║ Looks like you launched a headed browser without having a XServer running.                     ║&#10;║ Set either 'headless: true' or use 'xvfb-run &lt;your-playwright-app&gt;' before running Playwright. ║&#10;║                                                                                                ║&#10;║ &lt;3 Playwright Team                                                                             ║&#10;╚════════════════════════════════════════════════════════════════════════════════════════════════╝&#10;    at DispatcherConnection.dispatch (/tmp/playwright-java-8270216628335687174/package/lib/server/dispatchers/dispatcher.js:375:15)&#10;}&#10;Call log:&#10;- &lt;launching&gt; /home/runner/.cache/ms-playwright/chromium-1140/chrome-linux/chrome --disable-field-trial-config --disable-background-networking --disable-background-timer-throttling --disable-backgrounding-occluded-windows --disable-back-forward-cache --disable-breakpad --disable-client-side-phishing-detection --disable-component-extensions-with-background-pages --disable-component-update --no-default-browser-check --disable-default-apps --disable-dev-shm-usage --disable-extensions --disable-features=ImprovedCookieControls,LazyFrameLoading,GlobalMediaControls,DestroyProfileOnBrowserClose,MediaRouter,DialMediaRouteProvider,AcceptCHFrame,AutoExpandDetailsElement,CertificateTransparencyComponentUpdater,AvoidUnnecessaryBeforeUnloadCheckSync,Translate,HttpsUpgrades,PaintHolding,ThirdPartyStoragePartitioning,LensOverlay,PlzDedicatedWorker --allow-pre-commit-input --disable-hang-monitor --disable-ipc-flooding-protection --disable-popup-blocking --disable-prompt-on-repost --disable-renderer-backgrounding --force-color-profile=srgb --metrics-recording-only --no-first-run --enable-automation --password-store=basic --use-mock-keychain --no-service-autorun --export-tagged-pdf --disable-search-engine-choice-screen --unsafely-disable-devtools-self-xss-warnings --no-sandbox --no-sandbox --disable-gpu --disable-extensions --user-data-dir=/tmp/playwright_chromiumdev_profile-xQ9yVL --remote-debugging-pipe --no-startup-window&#10;- &lt;launched&gt; pid=8506&#10;- [pid=8506][err] [8506:8506:0814/104416.022588:ERROR:ozone_platform_x11.cc(244)] Missing X server or $DISPLAY&#10;- [pid=8506][err] [8506:8506:0814/104416.023520:ERROR:env.cc(258)] The platform failed to initialize.  Exiting.&#10;" type="com.microsoft.playwright.impl.TargetClosedError">Error {
  message='Target page, context or browser has been closed
Browser logs:

╔════════════════════════════════════════════════════════════════════════════════════════════════╗
║ Looks like you launched a headed browser without having a XServer running.                     ║
║ Set either 'headless: true' or use 'xvfb-run &lt;your-playwright-app&gt;' before running Playwright. ║
║                                                                                                ║
║ &lt;3 Playwright Team                                                                             ║
╚════════════════════════════════════════════════════════════════════════════════════════════════╝
  name='TargetClosedError
  stack='TargetClosedError: Target page, context or browser has been closed
Browser logs:

╔════════════════════════════════════════════════════════════════════════════════════════════════╗
║ Looks like you launched a headed browser without having a XServer running.                     ║
║ Set either 'headless: true' or use 'xvfb-run &lt;your-playwright-app&gt;' before running Playwright. ║
║                                                                                                ║
║ &lt;3 Playwright Team                                                                             ║
╚════════════════════════════════════════════════════════════════════════════════════════════════╝
    at DispatcherConnection.dispatch (/tmp/playwright-java-8270216628335687174/package/lib/server/dispatchers/dispatcher.js:375:15)
}
Call log:
- &lt;launching&gt; /home/runner/.cache/ms-playwright/chromium-1140/chrome-linux/chrome --disable-field-trial-config --disable-background-networking --disable-background-timer-throttling --disable-backgrounding-occluded-windows --disable-back-forward-cache --disable-breakpad --disable-client-side-phishing-detection --disable-component-extensions-with-background-pages --disable-component-update --no-default-browser-check --disable-default-apps --disable-dev-shm-usage --disable-extensions --disable-features=ImprovedCookieControls,LazyFrameLoading,GlobalMediaControls,DestroyProfileOnBrowserClose,MediaRouter,DialMediaRouteProvider,AcceptCHFrame,AutoExpandDetailsElement,CertificateTransparencyComponentUpdater,AvoidUnnecessaryBeforeUnloadCheckSync,Translate,HttpsUpgrades,PaintHolding,ThirdPartyStoragePartitioning,LensOverlay,PlzDedicatedWorker --allow-pre-commit-input --disable-hang-monitor --disable-ipc-flooding-protection --disable-popup-blocking --disable-prompt-on-repost --disable-renderer-backgrounding --force-color-profile=srgb --metrics-recording-only --no-first-run --enable-automation --password-store=basic --use-mock-keychain --no-service-autorun --export-tagged-pdf --disable-search-engine-choice-screen --unsafely-disable-devtools-self-xss-warnings --no-sandbox --no-sandbox --disable-gpu --disable-extensions --user-data-dir=/tmp/playwright_chromiumdev_profile-xQ9yVL --remote-debugging-pipe --no-startup-window
- &lt;launched&gt; pid=8506
- [pid=8506][err] [8506:8506:0814/104416.022588:ERROR:ozone_platform_x11.cc(244)] Missing X server or $DISPLAY
- [pid=8506][err] [8506:8506:0814/104416.023520:ERROR:env.cc(258)] The platform failed to initialize.  Exiting.
</error><system-err>Error {
  message='Target page, context or browser has been closed
Browser logs:

╔════════════════════════════════════════════════════════════════════════════════════════════════╗
║ Looks like you launched a headed browser without having a XServer running.                     ║
║ Set either 'headless: true' or use 'xvfb-run &lt;your-playwright-app&gt;' before running Playwright. ║
║                                                                                                ║
║ &lt;3 Playwright Team                                                                             ║
╚════════════════════════════════════════════════════════════════════════════════════════════════╝
  name='TargetClosedError
  stack='TargetClosedError: Target page, context or browser has been closed
Browser logs:

╔════════════════════════════════════════════════════════════════════════════════════════════════╗
║ Looks like you launched a headed browser without having a XServer running.                     ║
║ Set either 'headless: true' or use 'xvfb-run &lt;your-playwright-app&gt;' before running Playwright. ║
║                                                                                                ║
║ &lt;3 Playwright Team                                                                             ║
╚════════════════════════════════════════════════════════════════════════════════════════════════╝
    at DispatcherConnection.dispatch (/tmp/playwright-java-8270216628335687174/package/lib/server/dispatchers/dispatcher.js:375:15)
}
Call log:
- &lt;launching&gt; /home/runner/.cache/ms-playwright/chromium-1140/chrome-linux/chrome --disable-field-trial-config --disable-background-networking --disable-background-timer-throttling --disable-backgrounding-occluded-windows --disable-back-forward-cache --disable-breakpad --disable-client-side-phishing-detection --disable-component-extensions-with-background-pages --disable-component-update --no-default-browser-check --disable-default-apps --disable-dev-shm-usage --disable-extensions --disable-features=ImprovedCookieControls,LazyFrameLoading,GlobalMediaControls,DestroyProfileOnBrowserClose,MediaRouter,DialMediaRouteProvider,AcceptCHFrame,AutoExpandDetailsElement,CertificateTransparencyComponentUpdater,AvoidUnnecessaryBeforeUnloadCheckSync,Translate,HttpsUpgrades,PaintHolding,ThirdPartyStoragePartitioning,LensOverlay,PlzDedicatedWorker --allow-pre-commit-input --disable-hang-monitor --disable-ipc-flooding-protection --disable-popup-blocking --disable-prompt-on-repost --disable-renderer-backgrounding --force-color-profile=srgb --metrics-recording-only --no-first-run --enable-automation --password-store=basic --use-mock-keychain --no-service-autorun --export-tagged-pdf --disable-search-engine-choice-screen --unsafely-disable-devtools-self-xss-warnings --no-sandbox --no-sandbox --disable-gpu --disable-extensions --user-data-dir=/tmp/playwright_chromiumdev_profile-xQ9yVL --remote-debugging-pipe --no-startup-window
- &lt;launched&gt; pid=8506
- [pid=8506][err] [8506:8506:0814/104416.022588:ERROR:ozone_platform_x11.cc(244)] Missing X server or $DISPLAY
- [pid=8506][err] [8506:8506:0814/104416.023520:ERROR:env.cc(258)] The platform failed to initialize.  Exiting.

com.microsoft.playwright.impl.Connection.dispatch(Connection.java:256)
com.microsoft.playwright.impl.Connection.processOneMessage(Connection.java:211)
com.microsoft.playwright.impl.ChannelOwner.runUntil(ChannelOwner.java:130)
com.microsoft.playwright.impl.Connection.sendMessage(Connection.java:130)
com.microsoft.playwright.impl.ChannelOwner.sendMessage(ChannelOwner.java:118)
com.microsoft.playwright.impl.BrowserTypeImpl.launchImpl(BrowserTypeImpl.java:51)
com.microsoft.playwright.impl.BrowserTypeImpl.lambda$launch$0(BrowserTypeImpl.java:43)
com.microsoft.playwright.impl.LoggingSupport.withLogging(LoggingSupport.java:47)
com.microsoft.playwright.impl.ChannelOwner.withLogging(ChannelOwner.java:97)
com.microsoft.playwright.impl.BrowserTypeImpl.launch(BrowserTypeImpl.java:43)
com.microsoft.playwright.impl.BrowserTypeImpl.launch(BrowserTypeImpl.java:36)
com.playwright.toolshop.cucumber.stepdefinitions.PlaywrightCucumberFixtures.lambda$static$1(PlaywrightCucumberFixtures.java:19)
com.playwright.toolshop.cucumber.stepdefinitions.PlaywrightCucumberFixtures.setUp(PlaywrightCucumberFixtures.java:32)
</system-err></testcase><testcase name="Actor adds a single product to the cart"><error message="Error {&#10;  message='Target page, context or browser has been closed&#10;Browser logs:&#10;&#10;╔════════════════════════════════════════════════════════════════════════════════════════════════╗&#10;║ Looks like you launched a headed browser without having a XServer running.                     ║&#10;║ Set either 'headless: true' or use 'xvfb-run &lt;your-playwright-app&gt;' before running Playwright. ║&#10;║                                                                                                ║&#10;║ &lt;3 Playwright Team                                                                             ║&#10;╚════════════════════════════════════════════════════════════════════════════════════════════════╝&#10;  name='TargetClosedError&#10;  stack='TargetClosedError: Target page, context or browser has been closed&#10;Browser logs:&#10;&#10;╔════════════════════════════════════════════════════════════════════════════════════════════════╗&#10;║ Looks like you launched a headed browser without having a XServer running.                     ║&#10;║ Set either 'headless: true' or use 'xvfb-run &lt;your-playwright-app&gt;' before running Playwright. ║&#10;║                                                                                                ║&#10;║ &lt;3 Playwright Team                                                                             ║&#10;╚════════════════════════════════════════════════════════════════════════════════════════════════╝&#10;    at DispatcherConnection.dispatch (/tmp/playwright-java-8270216628335687174/package/lib/server/dispatchers/dispatcher.js:375:15)&#10;}&#10;Call log:&#10;- &lt;launching&gt; /home/runner/.cache/ms-playwright/chromium-1140/chrome-linux/chrome --disable-field-trial-config --disable-background-networking --disable-background-timer-throttling --disable-backgrounding-occluded-windows --disable-back-forward-cache --disable-breakpad --disable-client-side-phishing-detection --disable-component-extensions-with-background-pages --disable-component-update --no-default-browser-check --disable-default-apps --disable-dev-shm-usage --disable-extensions --disable-features=ImprovedCookieControls,LazyFrameLoading,GlobalMediaControls,DestroyProfileOnBrowserClose,MediaRouter,DialMediaRouteProvider,AcceptCHFrame,AutoExpandDetailsElement,CertificateTransparencyComponentUpdater,AvoidUnnecessaryBeforeUnloadCheckSync,Translate,HttpsUpgrades,PaintHolding,ThirdPartyStoragePartitioning,LensOverlay,PlzDedicatedWorker --allow-pre-commit-input --disable-hang-monitor --disable-ipc-flooding-protection --disable-popup-blocking --disable-prompt-on-repost --disable-renderer-backgrounding --force-color-profile=srgb --metrics-recording-only --no-first-run --enable-automation --password-store=basic --use-mock-keychain --no-service-autorun --export-tagged-pdf --disable-search-engine-choice-screen --unsafely-disable-devtools-self-xss-warnings --no-sandbox --no-sandbox --disable-gpu --disable-extensions --user-data-dir=/tmp/playwright_chromiumdev_profile-Qx2gjJ --remote-debugging-pipe --no-startup-window&#10;- &lt;launched&gt; pid=8591&#10;- [pid=8591][err] [8591:8591:0814/104416.422210:ERROR:ozone_platform_x11.cc(244)] Missing X server or $DISPLAY&#10;- [pid=8591][err] [8591:8591:0814/104416.422242:ERROR:env.cc(258)] The platform failed to initialize.  Exiting.&#10;" type="com.microsoft.playwright.impl.TargetClosedError">Error {
  message='Target page, context or browser has been closed
Browser logs:

╔════════════════════════════════════════════════════════════════════════════════════════════════╗
║ Looks like you launched a headed browser without having a XServer running.                     ║
║ Set either 'headless: true' or use 'xvfb-run &lt;your-playwright-app&gt;' before running Playwright. ║
║                                                                                                ║
║ &lt;3 Playwright Team                                                                             ║
╚════════════════════════════════════════════════════════════════════════════════════════════════╝
  name='TargetClosedError
  stack='TargetClosedError: Target page, context or browser has been closed
Browser logs:

╔════════════════════════════════════════════════════════════════════════════════════════════════╗
║ Looks like you launched a headed browser without having a XServer running.                     ║
║ Set either 'headless: true' or use 'xvfb-run &lt;your-playwright-app&gt;' before running Playwright. ║
║                                                                                                ║
║ &lt;3 Playwright Team                                                                             ║
╚════════════════════════════════════════════════════════════════════════════════════════════════╝
    at DispatcherConnection.dispatch (/tmp/playwright-java-8270216628335687174/package/lib/server/dispatchers/dispatcher.js:375:15)
}
Call log:
- &lt;launching&gt; /home/runner/.cache/ms-playwright/chromium-1140/chrome-linux/chrome --disable-field-trial-config --disable-background-networking --disable-background-timer-throttling --disable-backgrounding-occluded-windows --disable-back-forward-cache --disable-breakpad --disable-client-side-phishing-detection --disable-component-extensions-with-background-pages --disable-component-update --no-default-browser-check --disable-default-apps --disable-dev-shm-usage --disable-extensions --disable-features=ImprovedCookieControls,LazyFrameLoading,GlobalMediaControls,DestroyProfileOnBrowserClose,MediaRouter,DialMediaRouteProvider,AcceptCHFrame,AutoExpandDetailsElement,CertificateTransparencyComponentUpdater,AvoidUnnecessaryBeforeUnloadCheckSync,Translate,HttpsUpgrades,PaintHolding,ThirdPartyStoragePartitioning,LensOverlay,PlzDedicatedWorker --allow-pre-commit-input --disable-hang-monitor --disable-ipc-flooding-protection --disable-popup-blocking --disable-prompt-on-repost --disable-renderer-backgrounding --force-color-profile=srgb --metrics-recording-only --no-first-run --enable-automation --password-store=basic --use-mock-keychain --no-service-autorun --export-tagged-pdf --disable-search-engine-choice-screen --unsafely-disable-devtools-self-xss-warnings --no-sandbox --no-sandbox --disable-gpu --disable-extensions --user-data-dir=/tmp/playwright_chromiumdev_profile-Qx2gjJ --remote-debugging-pipe --no-startup-window
- &lt;launched&gt; pid=8591
- [pid=8591][err] [8591:8591:0814/104416.422210:ERROR:ozone_platform_x11.cc(244)] Missing X server or $DISPLAY
- [pid=8591][err] [8591:8591:0814/104416.422242:ERROR:env.cc(258)] The platform failed to initialize.  Exiting.
</error><system-err>Error {
  message='Target page, context or browser has been closed
Browser logs:

╔════════════════════════════════════════════════════════════════════════════════════════════════╗
║ Looks like you launched a headed browser without having a XServer running.                     ║
║ Set either 'headless: true' or use 'xvfb-run &lt;your-playwright-app&gt;' before running Playwright. ║
║                                                                                                ║
║ &lt;3 Playwright Team                                                                             ║
╚════════════════════════════════════════════════════════════════════════════════════════════════╝
  name='TargetClosedError
  stack='TargetClosedError: Target page, context or browser has been closed
Browser logs:

╔════════════════════════════════════════════════════════════════════════════════════════════════╗
║ Looks like you launched a headed browser without having a XServer running.                     ║
║ Set either 'headless: true' or use 'xvfb-run &lt;your-playwright-app&gt;' before running Playwright. ║
║                                                                                                ║
║ &lt;3 Playwright Team                                                                             ║
╚════════════════════════════════════════════════════════════════════════════════════════════════╝
    at DispatcherConnection.dispatch (/tmp/playwright-java-8270216628335687174/package/lib/server/dispatchers/dispatcher.js:375:15)
}
Call log:
- &lt;launching&gt; /home/runner/.cache/ms-playwright/chromium-1140/chrome-linux/chrome --disable-field-trial-config --disable-background-networking --disable-background-timer-throttling --disable-backgrounding-occluded-windows --disable-back-forward-cache --disable-breakpad --disable-client-side-phishing-detection --disable-component-extensions-with-background-pages --disable-component-update --no-default-browser-check --disable-default-apps --disable-dev-shm-usage --disable-extensions --disable-features=ImprovedCookieControls,LazyFrameLoading,GlobalMediaControls,DestroyProfileOnBrowserClose,MediaRouter,DialMediaRouteProvider,AcceptCHFrame,AutoExpandDetailsElement,CertificateTransparencyComponentUpdater,AvoidUnnecessaryBeforeUnloadCheckSync,Translate,HttpsUpgrades,PaintHolding,ThirdPartyStoragePartitioning,LensOverlay,PlzDedicatedWorker --allow-pre-commit-input --disable-hang-monitor --disable-ipc-flooding-protection --disable-popup-blocking --disable-prompt-on-repost --disable-renderer-backgrounding --force-color-profile=srgb --metrics-recording-only --no-first-run --enable-automation --password-store=basic --use-mock-keychain --no-service-autorun --export-tagged-pdf --disable-search-engine-choice-screen --unsafely-disable-devtools-self-xss-warnings --no-sandbox --no-sandbox --disable-gpu --disable-extensions --user-data-dir=/tmp/playwright_chromiumdev_profile-Qx2gjJ --remote-debugging-pipe --no-startup-window
- &lt;launched&gt; pid=8591
- [pid=8591][err] [8591:8591:0814/104416.422210:ERROR:ozone_platform_x11.cc(244)] Missing X server or $DISPLAY
- [pid=8591][err] [8591:8591:0814/104416.422242:ERROR:env.cc(258)] The platform failed to initialize.  Exiting.

com.microsoft.playwright.impl.Connection.dispatch(Connection.java:256)
com.microsoft.playwright.impl.Connection.processOneMessage(Connection.java:211)
com.microsoft.playwright.impl.ChannelOwner.runUntil(ChannelOwner.java:130)
com.microsoft.playwright.impl.Connection.sendMessage(Connection.java:130)
com.microsoft.playwright.impl.ChannelOwner.sendMessage(ChannelOwner.java:118)
com.microsoft.playwright.impl.BrowserTypeImpl.launchImpl(BrowserTypeImpl.java:51)
com.microsoft.playwright.impl.BrowserTypeImpl.lambda$launch$0(BrowserTypeImpl.java:43)
com.microsoft.playwright.impl.LoggingSupport.withLogging(LoggingSupport.java:47)
com.microsoft.playwright.impl.ChannelOwner.withLogging(ChannelOwner.java:97)
com.microsoft.playwright.impl.BrowserTypeImpl.launch(BrowserTypeImpl.java:43)
com.microsoft.playwright.impl.BrowserTypeImpl.launch(BrowserTypeImpl.java:36)
com.playwright.toolshop.cucumber.stepdefinitions.PlaywrightCucumberFixtures.lambda$static$1(PlaywrightCucumberFixtures.java:19)
com.playwright.toolshop.cucumber.stepdefinitions.PlaywrightCucumberFixtures.setUp(PlaywrightCucumberFixtures.java:32)
</system-err></testcase><testcase name="Actor continues shopping from the cart"><error message="Error {&#10;  message='Target page, context or browser has been closed&#10;Browser logs:&#10;&#10;╔════════════════════════════════════════════════════════════════════════════════════════════════╗&#10;║ Looks like you launched a headed browser without having a XServer running.                     ║&#10;║ Set either 'headless: true' or use 'xvfb-run &lt;your-playwright-app&gt;' before running Playwright. ║&#10;║                                                                                                ║&#10;║ &lt;3 Playwright Team                                                                             ║&#10;╚════════════════════════════════════════════════════════════════════════════════════════════════╝&#10;  name='TargetClosedError&#10;  stack='TargetClosedError: Target page, context or browser has been closed&#10;Browser logs:&#10;&#10;╔════════════════════════════════════════════════════════════════════════════════════════════════╗&#10;║ Looks like you launched a headed browser without having a XServer running.                     ║&#10;║ Set either 'headless: true' or use 'xvfb-run &lt;your-playwright-app&gt;' before running Playwright. ║&#10;║                                                                                                ║&#10;║ &lt;3 Playwright Team                                                                             ║&#10;╚════════════════════════════════════════════════════════════════════════════════════════════════╝&#10;    at DispatcherConnection.dispatch (/tmp/playwright-java-8270216628335687174/package/lib/server/dispatchers/dispatcher.js:375:15)&#10;}&#10;Call log:&#10;- &lt;launching&gt; /home/runner/.cache/ms-playwright/chromium-1140/chrome-linux/chrome --disable-field-trial-config --disable-background-networking --disable-background-timer-throttling --disable-backgrounding-occluded-windows --disable-back-forward-cache --disable-breakpad --disable-client-side-phishing-detection --disable-component-extensions-with-background-pages --disable-component-update --no-default-browser-check --disable-default-apps --disable-dev-shm-usage --disable-extensions --disable-features=ImprovedCookieControls,LazyFrameLoading,GlobalMediaControls,DestroyProfileOnBrowserClose,MediaRouter,DialMediaRouteProvider,AcceptCHFrame,AutoExpandDetailsElement,CertificateTransparencyComponentUpdater,AvoidUnnecessaryBeforeUnloadCheckSync,Translate,HttpsUpgrades,PaintHolding,ThirdPartyStoragePartitioning,LensOverlay,PlzDedicatedWorker --allow-pre-commit-input --disable-hang-monitor --disable-ipc-flooding-protection --disable-popup-blocking --disable-prompt-on-repost --disable-renderer-backgrounding --force-color-profile=srgb --metrics-recording-only --no-first-run --enable-automation --password-store=basic --use-mock-keychain --no-service-autorun --export-tagged-pdf --disable-search-engine-choice-screen --unsafely-disable-devtools-self-xss-warnings --no-sandbox --no-sandbox --disable-gpu --disable-extensions --user-data-dir=/tmp/playwright_chromiumdev_profile-p0Uzur --remote-debugging-pipe --no-startup-window&#10;- &lt;launched&gt; pid=8592&#10;- [pid=8592][err] [8592:8592:0814/104416.416511:ERROR:ozone_platform_x11.cc(244)] Missing X server or $DISPLAY&#10;- [pid=8592][err] [8592:8592:0814/104416.416797:ERROR:env.cc(258)] The platform failed to initialize.  Exiting.&#10;" type="com.microsoft.playwright.impl.TargetClosedError">Error {
  message='Target page, context or browser has been closed
Browser logs:

╔════════════════════════════════════════════════════════════════════════════════════════════════╗
║ Looks like you launched a headed browser without having a XServer running.                     ║
║ Set either 'headless: true' or use 'xvfb-run &lt;your-playwright-app&gt;' before running Playwright. ║
║                                                                                                ║
║ &lt;3 Playwright Team                                                                             ║
╚════════════════════════════════════════════════════════════════════════════════════════════════╝
  name='TargetClosedError
  stack='TargetClosedError: Target page, context or browser has been closed
Browser logs:

╔════════════════════════════════════════════════════════════════════════════════════════════════╗
║ Looks like you launched a headed browser without having a XServer running.                     ║
║ Set either 'headless: true' or use 'xvfb-run &lt;your-playwright-app&gt;' before running Playwright. ║
║                                                                                                ║
║ &lt;3 Playwright Team                                                                             ║
╚════════════════════════════════════════════════════════════════════════════════════════════════╝
    at DispatcherConnection.dispatch (/tmp/playwright-java-8270216628335687174/package/lib/server/dispatchers/dispatcher.js:375:15)
}
Call log:
- &lt;launching&gt; /home/runner/.cache/ms-playwright/chromium-1140/chrome-linux/chrome --disable-field-trial-config --disable-background-networking --disable-background-timer-throttling --disable-backgrounding-occluded-windows --disable-back-forward-cache --disable-breakpad --disable-client-side-phishing-detection --disable-component-extensions-with-background-pages --disable-component-update --no-default-browser-check --disable-default-apps --disable-dev-shm-usage --disable-extensions --disable-features=ImprovedCookieControls,LazyFrameLoading,GlobalMediaControls,DestroyProfileOnBrowserClose,MediaRouter,DialMediaRouteProvider,AcceptCHFrame,AutoExpandDetailsElement,CertificateTransparencyComponentUpdater,AvoidUnnecessaryBeforeUnloadCheckSync,Translate,HttpsUpgrades,PaintHolding,ThirdPartyStoragePartitioning,LensOverlay,PlzDedicatedWorker --allow-pre-commit-input --disable-hang-monitor --disable-ipc-flooding-protection --disable-popup-blocking --disable-prompt-on-repost --disable-renderer-backgrounding --force-color-profile=srgb --metrics-recording-only --no-first-run --enable-automation --password-store=basic --use-mock-keychain --no-service-autorun --export-tagged-pdf --disable-search-engine-choice-screen --unsafely-disable-devtools-self-xss-warnings --no-sandbox --no-sandbox --disable-gpu --disable-extensions --user-data-dir=/tmp/playwright_chromiumdev_profile-p0Uzur --remote-debugging-pipe --no-startup-window
- &lt;launched&gt; pid=8592
- [pid=8592][err] [8592:8592:0814/104416.416511:ERROR:ozone_platform_x11.cc(244)] Missing X server or $DISPLAY
- [pid=8592][err] [8592:8592:0814/104416.416797:ERROR:env.cc(258)] The platform failed to initialize.  Exiting.
</error><system-err>Error {
  message='Target page, context or browser has been closed
Browser logs:

╔════════════════════════════════════════════════════════════════════════════════════════════════╗
║ Looks like you launched a headed browser without having a XServer running.                     ║
║ Set either 'headless: true' or use 'xvfb-run &lt;your-playwright-app&gt;' before running Playwright. ║
║                                                                                                ║
║ &lt;3 Playwright Team                                                                             ║
╚════════════════════════════════════════════════════════════════════════════════════════════════╝
  name='TargetClosedError
  stack='TargetClosedError: Target page, context or browser has been closed
Browser logs:

╔════════════════════════════════════════════════════════════════════════════════════════════════╗
║ Looks like you launched a headed browser without having a XServer running.                     ║
║ Set either 'headless: true' or use 'xvfb-run &lt;your-playwright-app&gt;' before running Playwright. ║
║                                                                                                ║
║ &lt;3 Playwright Team                                                                             ║
╚════════════════════════════════════════════════════════════════════════════════════════════════╝
    at DispatcherConnection.dispatch (/tmp/playwright-java-8270216628335687174/package/lib/server/dispatchers/dispatcher.js:375:15)
}
Call log:
- &lt;launching&gt; /home/runner/.cache/ms-playwright/chromium-1140/chrome-linux/chrome --disable-field-trial-config --disable-background-networking --disable-background-timer-throttling --disable-backgrounding-occluded-windows --disable-back-forward-cache --disable-breakpad --disable-client-side-phishing-detection --disable-component-extensions-with-background-pages --disable-component-update --no-default-browser-check --disable-default-apps --disable-dev-shm-usage --disable-extensions --disable-features=ImprovedCookieControls,LazyFrameLoading,GlobalMediaControls,DestroyProfileOnBrowserClose,MediaRouter,DialMediaRouteProvider,AcceptCHFrame,AutoExpandDetailsElement,CertificateTransparencyComponentUpdater,AvoidUnnecessaryBeforeUnloadCheckSync,Translate,HttpsUpgrades,PaintHolding,ThirdPartyStoragePartitioning,LensOverlay,PlzDedicatedWorker --allow-pre-commit-input --disable-hang-monitor --disable-ipc-flooding-protection --disable-popup-blocking --disable-prompt-on-repost --disable-renderer-backgrounding --force-color-profile=srgb --metrics-recording-only --no-first-run --enable-automation --password-store=basic --use-mock-keychain --no-service-autorun --export-tagged-pdf --disable-search-engine-choice-screen --unsafely-disable-devtools-self-xss-warnings --no-sandbox --no-sandbox --disable-gpu --disable-extensions --user-data-dir=/tmp/playwright_chromiumdev_profile-p0Uzur --remote-debugging-pipe --no-startup-window
- &lt;launched&gt; pid=8592
- [pid=8592][err] [8592:8592:0814/104416.416511:ERROR:ozone_platform_x11.cc(244)] Missing X server or $DISPLAY
- [pid=8592][err] [8592:8592:0814/104416.416797:ERROR:env.cc(258)] The platform failed to initialize.  Exiting.

com.microsoft.playwright.impl.Connection.dispatch(Connection.java:256)
com.microsoft.playwright.impl.Connection.processOneMessage(Connection.java:211)
com.microsoft.playwright.impl.ChannelOwner.runUntil(ChannelOwner.java:130)
com.microsoft.playwright.impl.Connection.sendMessage(Connection.java:130)
com.microsoft.playwright.impl.ChannelOwner.sendMessage(ChannelOwner.java:118)
com.microsoft.playwright.impl.BrowserTypeImpl.launchImpl(BrowserTypeImpl.java:51)
com.microsoft.playwright.impl.BrowserTypeImpl.lambda$launch$0(BrowserTypeImpl.java:43)
com.microsoft.playwright.impl.LoggingSupport.withLogging(LoggingSupport.java:47)
com.microsoft.playwright.impl.ChannelOwner.withLogging(ChannelOwner.java:97)
com.microsoft.playwright.impl.BrowserTypeImpl.launch(BrowserTypeImpl.java:43)
com.microsoft.playwright.impl.BrowserTypeImpl.launch(BrowserTypeImpl.java:36)
com.playwright.toolshop.cucumber.stepdefinitions.PlaywrightCucumberFixtures.lambda$static$1(PlaywrightCucumberFixtures.java:19)
com.playwright.toolshop.cucumber.stepdefinitions.PlaywrightCucumberFixtures.setUp(PlaywrightCucumberFixtures.java:32)
</system-err></testcase><testcase name="Actor removes one product and keeps the others"><error message="Error {&#10;  message='Target page, context or browser has been closed&#10;Browser logs:&#10;&#10;╔════════════════════════════════════════════════════════════════════════════════════════════════╗&#10;║ Looks like you launched a headed browser without having a XServer running.                     ║&#10;║ Set either 'headless: true' or use 'xvfb-run &lt;your-playwright-app&gt;' before running Playwright. ║&#10;║                                                                                                ║&#10;║ &lt;3 Playwright Team                                                                             ║&#10;╚════════════════════════════════════════════════════════════════════════════════════════════════╝&#10;  name='TargetClosedError&#10;  stack='TargetClosedError: Target page, context or browser has been closed&#10;Browser logs:&#10;&#10;╔════════════════════════════════════════════════════════════════════════════════════════════════╗&#10;║ Looks like you launched a headed browser without having a XServer running.                     ║&#10;║ Set either 'headless: true' or use 'xvfb-run &lt;your-playwright-app&gt;' before running Playwright. ║&#10;║                                                                                                ║&#10;║ &lt;3 Playwright Team                                                                             ║&#10;╚════════════════════════════════════════════════════════════════════════════════════════════════╝&#10;    at DispatcherConnection.dispatch (/tmp/playwright-java-8270216628335687174/package/lib/server/dispatchers/dispatcher.js:375:15)&#10;}&#10;Call log:&#10;- &lt;launching&gt; /home/runner/.cache/ms-playwright/chromium-1140/chrome-linux/chrome --disable-field-trial-config --disable-background-networking --disable-background-timer-throttling --disable-backgrounding-occluded-windows --disable-back-forward-cache --disable-breakpad --disable-client-side-phishing-detection --disable-component-extensions-with-background-pages --disable-component-update --no-default-browser-check --disable-default-apps --disable-dev-shm-usage --disable-extensions --disable-features=ImprovedCookieControls,LazyFrameLoading,GlobalMediaControls,DestroyProfileOnBrowserClose,MediaRouter,DialMediaRouteProvider,AcceptCHFrame,AutoExpandDetailsElement,CertificateTransparencyComponentUpdater,AvoidUnnecessaryBeforeUnloadCheckSync,Translate,HttpsUpgrades,PaintHolding,ThirdPartyStoragePartitioning,LensOverlay,PlzDedicatedWorker --allow-pre-commit-input --disable-hang-monitor --disable-ipc-flooding-protection --disable-popup-blocking --disable-prompt-on-repost --disable-renderer-backgrounding --force-color-profile=srgb --metrics-recording-only --no-first-run --enable-automation --password-store=basic --use-mock-keychain --no-service-autorun --export-tagged-pdf --disable-search-engine-choice-screen --unsafely-disable-devtools-self-xss-warnings --no-sandbox --no-sandbox --disable-gpu --disable-extensions --user-data-dir=/tmp/playwright_chromiumdev_profile-lidT2C --remote-debugging-pipe --no-startup-window&#10;- &lt;launched&gt; pid=8593&#10;- [pid=8593][err] [8593:8593:0814/104416.451059:ERROR:ozone_platform_x11.cc(244)] Missing X server or $DISPLAY&#10;- [pid=8593][err] [8593:8593:0814/104416.451095:ERROR:env.cc(258)] The platform failed to initialize.  Exiting.&#10;" type="com.microsoft.playwright.impl.TargetClosedError">Error {
  message='Target page, context or browser has been closed
Browser logs:

╔════════════════════════════════════════════════════════════════════════════════════════════════╗
║ Looks like you launched a headed browser without having a XServer running.                     ║
║ Set either 'headless: true' or use 'xvfb-run &lt;your-playwright-app&gt;' before running Playwright. ║
║                                                                                                ║
║ &lt;3 Playwright Team                                                                             ║
╚════════════════════════════════════════════════════════════════════════════════════════════════╝
  name='TargetClosedError
  stack='TargetClosedError: Target page, context or browser has been closed
Browser logs:

╔════════════════════════════════════════════════════════════════════════════════════════════════╗
║ Looks like you launched a headed browser without having a XServer running.                     ║
║ Set either 'headless: true' or use 'xvfb-run &lt;your-playwright-app&gt;' before running Playwright. ║
║                                                                                                ║
║ &lt;3 Playwright Team                                                                             ║
╚════════════════════════════════════════════════════════════════════════════════════════════════╝
    at DispatcherConnection.dispatch (/tmp/playwright-java-8270216628335687174/package/lib/server/dispatchers/dispatcher.js:375:15)
}
Call log:
- &lt;launching&gt; /home/runner/.cache/ms-playwright/chromium-1140/chrome-linux/chrome --disable-field-trial-config --disable-background-networking --disable-background-timer-throttling --disable-backgrounding-occluded-windows --disable-back-forward-cache --disable-breakpad --disable-client-side-phishing-detection --disable-component-extensions-with-background-pages --disable-component-update --no-default-browser-check --disable-default-apps --disable-dev-shm-usage --disable-extensions --disable-features=ImprovedCookieControls,LazyFrameLoading,GlobalMediaControls,DestroyProfileOnBrowserClose,MediaRouter,DialMediaRouteProvider,AcceptCHFrame,AutoExpandDetailsElement,CertificateTransparencyComponentUpdater,AvoidUnnecessaryBeforeUnloadCheckSync,Translate,HttpsUpgrades,PaintHolding,ThirdPartyStoragePartitioning,LensOverlay,PlzDedicatedWorker --allow-pre-commit-input --disable-hang-monitor --disable-ipc-flooding-protection --disable-popup-blocking --disable-prompt-on-repost --disable-renderer-backgrounding --force-color-profile=srgb --metrics-recording-only --no-first-run --enable-automation --password-store=basic --use-mock-keychain --no-service-autorun --export-tagged-pdf --disable-search-engine-choice-screen --unsafely-disable-devtools-self-xss-warnings --no-sandbox --no-sandbox --disable-gpu --disable-extensions --user-data-dir=/tmp/playwright_chromiumdev_profile-lidT2C --remote-debugging-pipe --no-startup-window
- &lt;launched&gt; pid=8593
- [pid=8593][err] [8593:8593:0814/104416.451059:ERROR:ozone_platform_x11.cc(244)] Missing X server or $DISPLAY
- [pid=8593][err] [8593:8593:0814/104416.451095:ERROR:env.cc(258)] The platform failed to initialize.  Exiting.
</error><system-err>Error {
  message='Target page, context or browser has been closed
Browser logs:

╔════════════════════════════════════════════════════════════════════════════════════════════════╗
║ Looks like you launched a headed browser without having a XServer running.                     ║
║ Set either 'headless: true' or use 'xvfb-run &lt;your-playwright-app&gt;' before running Playwright. ║
║                                                                                                ║
║ &lt;3 Playwright Team                                                                             ║
╚════════════════════════════════════════════════════════════════════════════════════════════════╝
  name='TargetClosedError
  stack='TargetClosedError: Target page, context or browser has been closed
Browser logs:

╔════════════════════════════════════════════════════════════════════════════════════════════════╗
║ Looks like you launched a headed browser without having a XServer running.                     ║
║ Set either 'headless: true' or use 'xvfb-run &lt;your-playwright-app&gt;' before running Playwright. ║
║                                                                                                ║
║ &lt;3 Playwright Team                                                                             ║
╚════════════════════════════════════════════════════════════════════════════════════════════════╝
    at DispatcherConnection.dispatch (/tmp/playwright-java-8270216628335687174/package/lib/server/dispatchers/dispatcher.js:375:15)
}
Call log:
- &lt;launching&gt; /home/runner/.cache/ms-playwright/chromium-1140/chrome-linux/chrome --disable-field-trial-config --disable-background-networking --disable-background-timer-throttling --disable-backgrounding-occluded-windows --disable-back-forward-cache --disable-breakpad --disable-client-side-phishing-detection --disable-component-extensions-with-background-pages --disable-component-update --no-default-browser-check --disable-default-apps --disable-dev-shm-usage --disable-extensions --disable-features=ImprovedCookieControls,LazyFrameLoading,GlobalMediaControls,DestroyProfileOnBrowserClose,MediaRouter,DialMediaRouteProvider,AcceptCHFrame,AutoExpandDetailsElement,CertificateTransparencyComponentUpdater,AvoidUnnecessaryBeforeUnloadCheckSync,Translate,HttpsUpgrades,PaintHolding,ThirdPartyStoragePartitioning,LensOverlay,PlzDedicatedWorker --allow-pre-commit-input --disable-hang-monitor --disable-ipc-flooding-protection --disable-popup-blocking --disable-prompt-on-repost --disable-renderer-backgrounding --force-color-profile=srgb --metrics-recording-only --no-first-run --enable-automation --password-store=basic --use-mock-keychain --no-service-autorun --export-tagged-pdf --disable-search-engine-choice-screen --unsafely-disable-devtools-self-xss-warnings --no-sandbox --no-sandbox --disable-gpu --disable-extensions --user-data-dir=/tmp/playwright_chromiumdev_profile-lidT2C --remote-debugging-pipe --no-startup-window
- &lt;launched&gt; pid=8593
- [pid=8593][err] [8593:8593:0814/104416.451059:ERROR:ozone_platform_x11.cc(244)] Missing X server or $DISPLAY
- [pid=8593][err] [8593:8593:0814/104416.451095:ERROR:env.cc(258)] The platform failed to initialize.  Exiting.

com.microsoft.playwright.impl.Connection.dispatch(Connection.java:256)
com.microsoft.playwright.impl.Connection.processOneMessage(Connection.java:211)
com.microsoft.playwright.impl.ChannelOwner.runUntil(ChannelOwner.java:130)
com.microsoft.playwright.impl.Connection.sendMessage(Connection.java:130)
com.microsoft.playwright.impl.ChannelOwner.sendMessage(ChannelOwner.java:118)
com.microsoft.playwright.impl.BrowserTypeImpl.launchImpl(BrowserTypeImpl.java:51)
com.microsoft.playwright.impl.BrowserTypeImpl.lambda$launch$0(BrowserTypeImpl.java:43)
com.microsoft.playwright.impl.LoggingSupport.withLogging(LoggingSupport.java:47)
com.microsoft.playwright.impl.ChannelOwner.withLogging(ChannelOwner.java:97)
com.microsoft.playwright.impl.BrowserTypeImpl.launch(BrowserTypeImpl.java:43)
com.microsoft.playwright.impl.BrowserTypeImpl.launch(BrowserTypeImpl.java:36)
com.playwright.toolshop.cucumber.stepdefinitions.PlaywrightCucumberFixtures.lambda$static$1(PlaywrightCucumberFixtures.java:19)
com.playwright.toolshop.cucumber.stepdefinitions.PlaywrightCucumberFixtures.setUp(PlaywrightCucumberFixtures.java:32)
</system-err></testcase><testcase name="Actor removes the only product from the cart"><error message="Error {&#10;  message='Target page, context or browser has been closed&#10;Browser logs:&#10;&#10;╔════════════════════════════════════════════════════════════════════════════════════════════════╗&#10;║ Looks like you launched a headed browser without having a XServer running.                     ║&#10;║ Set either 'headless: true' or use 'xvfb-run &lt;your-playwright-app&gt;' before running Playwright. ║&#10;║                                                                                                ║&#10;║ &lt;3 Playwright Team                                                                             ║&#10;╚════════════════════════════════════════════════════════════════════════════════════════════════╝&#10;  name='TargetClosedError&#10;  stack='TargetClosedError: Target page, context or browser has been closed&#10;Browser logs:&#10;&#10;╔════════════════════════════════════════════════════════════════════════════════════════════════╗&#10;║ Looks like you launched a headed browser without having a XServer running.                     ║&#10;║ Set either 'headless: true' or use 'xvfb-run &lt;your-playwright-app&gt;' before running Playwright. ║&#10;║                                                                                                ║&#10;║ &lt;3 Playwright Team                                                                             ║&#10;╚════════════════════════════════════════════════════════════════════════════════════════════════╝&#10;    at DispatcherConnection.dispatch (/tmp/playwright-java-8270216628335687174/package/lib/server/dispatchers/dispatcher.js:375:15)&#10;}&#10;Call log:&#10;- &lt;launching&gt; /home/runner/.cache/ms-playwright/chromium-1140/chrome-linux/chrome --disable-field-trial-config --disable-background-networking --disable-background-timer-throttling --disable-backgrounding-occluded-windows --disable-back-forward-cache --disable-breakpad --disable-client-side-phishing-detection --disable-component-extensions-with-background-pages --disable-component-update --no-default-browser-check --disable-default-apps --disable-dev-shm-usage --disable-extensions --disable-features=ImprovedCookieControls,LazyFrameLoading,GlobalMediaControls,DestroyProfileOnBrowserClose,MediaRouter,DialMediaRouteProvider,AcceptCHFrame,AutoExpandDetailsElement,CertificateTransparencyComponentUpdater,AvoidUnnecessaryBeforeUnloadCheckSync,Translate,HttpsUpgrades,PaintHolding,ThirdPartyStoragePartitioning,LensOverlay,PlzDedicatedWorker --allow-pre-commit-input --disable-hang-monitor --disable-ipc-flooding-protection --disable-popup-blocking --disable-prompt-on-repost --disable-renderer-backgrounding --force-color-profile=srgb --metrics-recording-only --no-first-run --enable-automation --password-store=basic --use-mock-keychain --no-service-autorun --export-tagged-pdf --disable-search-engine-choice-screen --unsafely-disable-devtools-self-xss-warnings --no-sandbox --no-sandbox --disable-gpu --disable-extensions --user-data-dir=/tmp/playwright_chromiumdev_profile-q2yKVs --remote-debugging-pipe --no-startup-window&#10;- &lt;launched&gt; pid=8676&#10;- [pid=8676][err] [8676:8676:0814/104416.659769:ERROR:ozone_platform_x11.cc(244)] Missing X server or $DISPLAY&#10;- [pid=8676][err] [8676:8676:0814/104416.659801:ERROR:env.cc(258)] The platform failed to initialize.  Exiting.&#10;" type="com.microsoft.playwright.impl.TargetClosedError">Error {
  message='Target page, context or browser has been closed
Browser logs:

╔════════════════════════════════════════════════════════════════════════════════════════════════╗
║ Looks like you launched a headed browser without having a XServer running.                     ║
║ Set either 'headless: true' or use 'xvfb-run &lt;your-playwright-app&gt;' before running Playwright. ║
║                                                                                                ║
║ &lt;3 Playwright Team                                                                             ║
╚════════════════════════════════════════════════════════════════════════════════════════════════╝
  name='TargetClosedError
  stack='TargetClosedError: Target page, context or browser has been closed
Browser logs:

╔════════════════════════════════════════════════════════════════════════════════════════════════╗
║ Looks like you launched a headed browser without having a XServer running.                     ║
║ Set either 'headless: true' or use 'xvfb-run &lt;your-playwright-app&gt;' before running Playwright. ║
║                                                                                                ║
║ &lt;3 Playwright Team                                                                             ║
╚════════════════════════════════════════════════════════════════════════════════════════════════╝
    at DispatcherConnection.dispatch (/tmp/playwright-java-8270216628335687174/package/lib/server/dispatchers/dispatcher.js:375:15)
}
Call log:
- &lt;launching&gt; /home/runner/.cache/ms-playwright/chromium-1140/chrome-linux/chrome --disable-field-trial-config --disable-background-networking --disable-background-timer-throttling --disable-backgrounding-occluded-windows --disable-back-forward-cache --disable-breakpad --disable-client-side-phishing-detection --disable-component-extensions-with-background-pages --disable-component-update --no-default-browser-check --disable-default-apps --disable-dev-shm-usage --disable-extensions --disable-features=ImprovedCookieControls,LazyFrameLoading,GlobalMediaControls,DestroyProfileOnBrowserClose,MediaRouter,DialMediaRouteProvider,AcceptCHFrame,AutoExpandDetailsElement,CertificateTransparencyComponentUpdater,AvoidUnnecessaryBeforeUnloadCheckSync,Translate,HttpsUpgrades,PaintHolding,ThirdPartyStoragePartitioning,LensOverlay,PlzDedicatedWorker --allow-pre-commit-input --disable-hang-monitor --disable-ipc-flooding-protection --disable-popup-blocking --disable-prompt-on-repost --disable-renderer-backgrounding --force-color-profile=srgb --metrics-recording-only --no-first-run --enable-automation --password-store=basic --use-mock-keychain --no-service-autorun --export-tagged-pdf --disable-search-engine-choice-screen --unsafely-disable-devtools-self-xss-warnings --no-sandbox --no-sandbox --disable-gpu --disable-extensions --user-data-dir=/tmp/playwright_chromiumdev_profile-q2yKVs --remote-debugging-pipe --no-startup-window
- &lt;launched&gt; pid=8676
- [pid=8676][err] [8676:8676:0814/104416.659769:ERROR:ozone_platform_x11.cc(244)] Missing X server or $DISPLAY
- [pid=8676][err] [8676:8676:0814/104416.659801:ERROR:env.cc(258)] The platform failed to initialize.  Exiting.
</error><system-err>Error {
  message='Target page, context or browser has been closed
Browser logs:

╔════════════════════════════════════════════════════════════════════════════════════════════════╗
║ Looks like you launched a headed browser without having a XServer running.                     ║
║ Set either 'headless: true' or use 'xvfb-run &lt;your-playwright-app&gt;' before running Playwright. ║
║                                                                                                ║
║ &lt;3 Playwright Team                                                                             ║
╚════════════════════════════════════════════════════════════════════════════════════════════════╝
  name='TargetClosedError
  stack='TargetClosedError: Target page, context or browser has been closed
Browser logs:

╔════════════════════════════════════════════════════════════════════════════════════════════════╗
║ Looks like you launched a headed browser without having a XServer running.                     ║
║ Set either 'headless: true' or use 'xvfb-run &lt;your-playwright-app&gt;' before running Playwright. ║
║                                                                                                ║
║ &lt;3 Playwright Team                                                                             ║
╚════════════════════════════════════════════════════════════════════════════════════════════════╝
    at DispatcherConnection.dispatch (/tmp/playwright-java-8270216628335687174/package/lib/server/dispatchers/dispatcher.js:375:15)
}
Call log:
- &lt;launching&gt; /home/runner/.cache/ms-playwright/chromium-1140/chrome-linux/chrome --disable-field-trial-config --disable-background-networking --disable-background-timer-throttling --disable-backgrounding-occluded-windows --disable-back-forward-cache --disable-breakpad --disable-client-side-phishing-detection --disable-component-extensions-with-background-pages --disable-component-update --no-default-browser-check --disable-default-apps --disable-dev-shm-usage --disable-extensions --disable-features=ImprovedCookieControls,LazyFrameLoading,GlobalMediaControls,DestroyProfileOnBrowserClose,MediaRouter,DialMediaRouteProvider,AcceptCHFrame,AutoExpandDetailsElement,CertificateTransparencyComponentUpdater,AvoidUnnecessaryBeforeUnloadCheckSync,Translate,HttpsUpgrades,PaintHolding,ThirdPartyStoragePartitioning,LensOverlay,PlzDedicatedWorker --allow-pre-commit-input --disable-hang-monitor --disable-ipc-flooding-protection --disable-popup-blocking --disable-prompt-on-repost --disable-renderer-backgrounding --force-color-profile=srgb --metrics-recording-only --no-first-run --enable-automation --password-store=basic --use-mock-keychain --no-service-autorun --export-tagged-pdf --disable-search-engine-choice-screen --unsafely-disable-devtools-self-xss-warnings --no-sandbox --no-sandbox --disable-gpu --disable-extensions --user-data-dir=/tmp/playwright_chromiumdev_profile-q2yKVs --remote-debugging-pipe --no-startup-window
- &lt;launched&gt; pid=8676
- [pid=8676][err] [8676:8676:0814/104416.659769:ERROR:ozone_platform_x11.cc(244)] Missing X server or $DISPLAY
- [pid=8676][err] [8676:8676:0814/104416.659801:ERROR:env.cc(258)] The platform failed to initialize.  Exiting.

com.microsoft.playwright.impl.Connection.dispatch(Connection.java:256)
com.microsoft.playwright.impl.Connection.processOneMessage(Connection.java:211)
com.microsoft.playwright.impl.ChannelOwner.runUntil(ChannelOwner.java:130)
com.microsoft.playwright.impl.Connection.sendMessage(Connection.java:130)
com.microsoft.playwright.impl.ChannelOwner.sendMessage(ChannelOwner.java:118)
com.microsoft.playwright.impl.BrowserTypeImpl.launchImpl(BrowserTypeImpl.java:51)
com.microsoft.playwright.impl.BrowserTypeImpl.lambda$launch$0(BrowserTypeImpl.java:43)
com.microsoft.playwright.impl.LoggingSupport.withLogging(LoggingSupport.java:47)
com.microsoft.playwright.impl.ChannelOwner.withLogging(ChannelOwner.java:97)
com.microsoft.playwright.impl.BrowserTypeImpl.launch(BrowserTypeImpl.java:43)
com.microsoft.playwright.impl.BrowserTypeImpl.launch(BrowserTypeImpl.java:36)
com.playwright.toolshop.cucumber.stepdefinitions.PlaywrightCucumberFixtures.lambda$static$1(PlaywrightCucumberFixtures.java:19)
com.playwright.toolshop.cucumber.stepdefinitions.PlaywrightCucumberFixtures.setUp(PlaywrightCucumberFixtures.java:32)
</system-err></testcase></testsuite>